2011/08/15,15:12:21:656,20,37.0770388841629,140.88036239147186,킫sEX_T-X
2011/08/15,15:13:21:656,12,37.07213580608368,140.8823847770691,֏X
2011/08/15,15:14:21:656,30,37.06859529018402,140.8815586566925,֏X
2011/08/15,15:15:21:656,15,37.06245839595795,140.8847612142563,֏X
2011/08/15,15:16:21:656,17,37.0586496591568,140.8872127532959,970-8026970-8026
2011/08/15,15:17:21:656,28,37.05735146999359,140.89114487171173,970-8026970-8026
2011/08/15,15:18:21:656,28,37.0573890209198,140.8919495344162,970-8026970-8026
2011/08/15,15:19:21:656,23,37.056525349617004,140.8924376964569,970-8026970-8026
2011/08/15,15:20:21:656,23,37.05367684364319,140.89304387569427,970-8026970-8026
2011/08/15,15:21:21:656,25,37.05407917499542,140.90200781822205,970-8026970-8026
2011/08/15,15:22:21:656,25,37.05754995346069,140.9095984697342,OlX
2011/08/15,15:23:21:656,25,37.05862820148468,140.91753780841827,OlX
2011/08/15,15:24:21:656,26,37.05968499183655,140.92292368412018,970-8022970-8022
2011/08/15,15:25:21:656,23,37.06113338470459,140.9323811531067,970-0101970-0101
2011/08/15,15:26:21:656,28,37.0626837015152,140.93939781188965,970-0101970-0101
2011/08/15,15:27:21:656,34,37.06495821475983,140.94255208969116,970-0101970-0101
2011/08/15,15:28:21:656,30,37.07017242908478,140.9488981962204,킫s_JhVR
2011/08/15,15:29:21:656,22,37.07312285900116,140.95244944095612,970-0101970-0101
2011/08/15,15:30:21:656,23,37.07965135574341,140.96032977104187,OlX
2011/08/15,15:31:21:656,28,37.0818293094635,140.96284568309784,OlX
2011/08/15,15:32:21:656,37,37.08428621292114,140.96546351909637,OlX
2011/08/15,15:33:21:656,17,37.09229528903961,140.9740573167801,OlX
2011/08/15,15:34:21:656,31,37.09611475467682,140.9787404537201,979-0202979-0202
2011/08/15,15:35:21:656,20,37.10139870643616,140.98406195640564,킫slqQڂP
2011/08/15,15:36:21:656,19,37.102696895599365,140.98338067531586,킫slqQڂT-Q
2011/08/15,15:37:21:656,25,37.10457444190979,140.98610043525696,킫slqRڂU-U
2011/08/15,15:38:21:656,15,37.109230756759644,140.9898340702057,킫slqSڂTT
2011/08/15,15:39:21:656,34,37.10962772369385,140.99040269851685,979-0201979-0201
2011/08/15,15:40:21:656,26,37.10878014564514,140.99652349948883,979-0201979-0201
2011/08/15,15:41:21:656,44,37.11527645587921,140.9982830286026,OlX
2011/08/15,15:42:21:656,29,37.123687863349915,140.99734961986542,OlX
2011/08/15,15:43:21:656,45,37.132147550582886,140.99693655967712,OlX
2011/08/15,15:44:21:656,35,37.14021027088165,140.99651277065277,킫svVlvVl㔽؂PS
2011/08/15,15:45:21:656,30,37.140929102897644,140.99579393863678,킫svVlvVlQ
2011/08/15,15:46:21:656,27,37.14273691177368,140.99106788635254,킫svVlvVlAPT
2011/08/15,15:47:21:656,46,37.14275300502777,140.99108397960663,킫svVlvVl؃mP-P
2011/08/15,15:48:21:656,47,37.14272618293762,140.9910947084427,킫svVlvVlAPT
2011/08/15,15:49:21:656,54,37.14273154735565,140.9910786151886,킫svVlvVlAPT
2011/08/15,15:50:21:656,46,37.14272618293762,140.99108397960663,킫svVlvVlAPT
2011/08/15,15:51:21:656,43,37.14273691177368,140.99108397960663,킫svVlvVlAPT
2011/08/15,15:52:21:656,40,37.142388224601746,140.99177062511444,킫svVlvVl؃mW-S
2011/08/15,15:53:21:656,29,37.140381932258606,140.99646985530853,킫svVlvVl㔽؂PP
2011/08/15,15:54:21:656,36,37.13582217693329,140.99677562713623,979-0333979-0333
2011/08/15,15:55:21:656,35,37.12677776813507,140.9973818063736,OlX
2011/08/15,15:56:21:656,30,37.118704319000244,140.99888384342194,OlX
2011/08/15,15:57:21:656,38,37.11182713508606,140.99872291088104,OlX
2011/08/15,15:58:21:656,20,37.10751950740814,140.99375545978546,979-0201979-0201
2011/08/15,15:59:21:656,26,37.10760533809662,140.99434554576874,979-0201979-0201
2011/08/15,16:00:21:656,21,37.10762679576874,140.99436700344086,979-0201979-0201
2011/08/15,16:01:21:656,23,37.10764288902283,140.994393825531,979-0201979-0201
2011/08/15,16:02:21:656,21,37.1076375246048,140.99439918994904,979-0201979-0201
2011/08/15,16:03:21:656,27,37.1076375246048,140.99439918994904,979-0201979-0201
2011/08/15,16:04:21:656,21,37.10763216018677,140.99442064762115,979-0201979-0201
2011/08/15,16:05:21:656,18,37.10704743862152,140.99414706230164,킫slqTڂQPW
2011/08/15,16:06:21:656,28,37.10280418395996,140.98717868328094,킫slqQڂPQQ
2011/08/15,16:07:21:656,21,37.09581434726715,140.97855269908905,979-0202979-0202
2011/08/15,16:08:21:656,28,37.09010124206543,140.97203493118286,
2011/08/15,16:09:21:656,26,37.0837926864624,140.965216755867,OlX
2011/08/15,16:10:21:656,23,37.08033800125122,140.96138656139374,OlX
2011/08/15,16:11:21:656,22,37.07606256008148,140.9564995765686,킫sSږ؂RS-S
2011/08/15,16:12:21:656,24,37.07332670688629,140.9531682729721,970-0101970-0101
2011/08/15,16:13:21:656,25,37.067989110946655,140.94667732715607,970-0101970-0101
2011/08/15,16:14:21:656,38,37.06440567970276,140.94231069087982,970-0101970-0101
2011/08/15,16:15:21:656,21,37.05658435821533,140.94278275966644,970-0101970-0101
2011/08/15,16:16:21:656,23,37.04816222190857,140.94048142433167,փoCpX
2011/08/15,16:17:21:656,38,37.042245268821716,140.93397438526154,
2011/08/15,16:18:21:656,32,37.03766942024231,140.92395901679993,
2011/08/15,16:19:21:656,35,37.03261077404022,140.91127753257751,փoCpX
2011/08/15,16:20:21:656,20,37.028555274009705,140.8988481760025,փoCpX
2011/08/15,16:21:21:656,30,37.01873302459717,140.8938592672348,փoCpX
2011/08/15,16:22:21:656,27,37.009157538414,140.89741587638855,փoCpX
2011/08/15,16:23:21:656,21,36.99948012828827,140.89759826660156,փoCpX
2011/08/15,16:24:21:656,24,36.99050009250641,140.90222775936127,971-8141971-8141
2011/08/15,16:25:21:656,20,36.98774814605713,140.90026438236237,971-8141971-8141
2011/08/15,16:26:21:656,19,36.98451340198517,140.89565098285675,971-8122971-8122
2011/08/15,16:27:21:656,28,36.981632709503174,140.89277029037476,971-8122971-8122
2011/08/15,16:28:21:656,25,36.97021186351776,140.8871752023697,փoCpX
2011/08/15,16:29:21:656,16,36.963651180267334,140.88171422481537,փoCpX
2011/08/15,16:30:21:656,21,36.95595324039459,140.87646782398224,971-8182971-8182
2011/08/15,16:31:21:656,17,36.949912905693054,140.86751461029053,971-8182971-8182
2011/08/15,16:32:21:656,27,36.94333076477051,140.86062669754028,971-8183971-8183
2011/08/15,16:33:21:656,21,36.93687200546265,140.85453808307648,971-8183971-8183
2011/08/15,16:34:21:656,24,36.92931354045868,140.84938287734985,
2011/08/15,16:35:21:656,19,36.924641132354736,140.84576189517975,
2011/08/15,16:36:21:656,23,36.92186236381531,140.8414113521576,
2011/08/15,16:37:21:656,14,36.91839158535004,140.83808541297913,
2011/08/15,16:38:21:656,23,36.91772103309631,140.8329838514328,
2011/08/15,16:39:21:656,20,36.91875100135803,140.8276730775833,
2011/08/15,16:40:21:656,14,36.91735088825226,140.82275390625,
2011/08/15,16:41:21:656,11,36.91626191139221,140.8176040649414,
2011/08/15,16:42:21:656,24,36.91209375858307,140.80101191997528,974-8232974-8232
2011/08/15,16:43:21:656,18,36.89830720424652,140.78987002372742,974-8232974-8232
2011/08/15,16:44:21:656,18,36.88509464263916,140.7867854833603,979-0146979-0146
2011/08/15,16:45:21:656,18,36.88217639923096,140.78839480876923,킫sܗ֓csOPV
2011/08/15,16:46:21:656,20,36.882219314575195,140.788534283638,킫sܗ֓csOPU
2011/08/15,16:47:21:656,32,36.88218712806702,140.788534283638,킫sܗ֓csOPU
2011/08/15,16:48:21:656,22,36.88218712806702,140.78839480876923,킫sܗ֓csOPV
2011/08/15,16:49:21:656,20,36.882192492485046,140.78831434249878,킫sܗ֓csOPV
2011/08/15,16:50:21:656,24,36.882197856903076,140.78828752040863,킫sܗ֓csOPV
2011/08/15,16:51:21:656,15,36.882203221321106,140.78827679157257,킫sܗ֓csOPV
2011/08/15,16:52:21:656,17,36.882197856903076,140.78827142715454,킫sܗ֓csOPV
2011/08/15,16:53:21:656,26,36.882192492485046,140.7882821559906,킫sܗ֓csOPV
2011/08/15,16:54:21:656,18,36.882192492485046,140.78827679157257,킫sܗ֓csOPV
2011/08/15,16:55:21:656,16,36.8792849779129,140.78817486763,979-0146979-0146
2011/08/15,16:56:21:656,25,36.869022846221924,140.78850746154785,979-0146979-0146
2011/08/15,16:57:21:656,23,36.85790240764618,140.7893818616867,킫sܗʋYPP
2011/08/15,16:58:21:656,17,36.851996183395386,140.79023480415344,319-1701319-1701
2011/08/15,16:59:21:656,16,36.85521483421326,140.79163491725922,錧ksRRS
2011/08/15,17:00:21:656,18,36.85292422771454,140.79350173473358,錧ksQQO
2011/08/15,17:01:21:656,25,36.84944808483124,140.79584062099457,錧ksPTRU
2011/08/15,17:02:21:656,23,36.84571981430054,140.7960444688797,
2011/08/15,17:03:21:656,20,36.84671759605408,140.79567432403564,
2011/08/15,17:04:21:656,18,36.851545572280884,140.793576836586,
2011/08/15,17:05:21:656,12,36.85216248035431,140.7903152704239,
2011/08/15,17:06:21:656,15,36.851744055747986,140.7893282175064,
2011/08/15,17:07:21:656,15,36.851776242256165,140.78937113285065,
2011/08/15,17:08:21:656,22,36.85537576675415,140.79002022743225,
2011/08/15,17:09:21:656,23,36.865761280059814,140.7881373167038,
2011/08/15,17:10:21:656,21,36.87412440776825,140.78817486763,
2011/08/15,17:11:21:656,30,36.87758445739746,140.78836798667908,
2011/08/15,17:12:21:656,34,36.88283622264862,140.78769743442535,
2011/08/15,17:13:21:656,24,36.885963678359985,140.78625440597534,
2011/08/15,17:14:21:656,19,36.89386546611786,140.78229546546936,
2011/08/15,17:15:21:656,18,36.898709535598755,140.7849884033203,
2011/08/15,17:16:21:656,19,36.9003027677536,140.78580915927887,
2011/08/15,17:17:21:656,20,36.90304934978485,140.7873809337616,
2011/08/15,17:18:21:656,21,36.906225085258484,140.78991293907166,
2011/08/15,17:19:21:656,15,36.906450390815735,140.7900094985962,
2011/08/15,17:20:21:656,16,36.909937262535095,140.79147934913635,
2011/08/15,17:21:21:656,18,36.916460394859314,140.79527735710144,
2011/08/15,17:22:21:656,15,36.91927671432495,140.801682472229,
2011/08/15,17:23:21:656,19,36.91958248615265,140.8023637533188,
2011/08/15,17:24:21:656,18,36.920955777168274,140.80568969249725,
2011/08/15,17:25:21:656,16,36.925435066223145,140.81231474876404,
2011/08/15,17:29:49:609,15,36.93333685398102,140.8286815881729,
2011/08/15,17:30:49:609,18,36.93336367607117,140.82868695259094,
2011/08/15,17:31:49:609,21,36.93336367607117,140.82868695259094,
2011/08/15,17:32:49:609,17,36.93330466747284,140.82868695259094,
2011/08/15,17:33:49:609,21,36.93330466747284,140.8286815881729,
2011/08/15,17:34:49:609,15,36.93330466747284,140.82869231700897,
2011/08/15,17:35:49:609,26,36.935943961143494,140.83434104919434,
2011/08/15,17:36:49:609,16,36.94123327732086,140.84421157836914,
2011/08/15,17:37:49:609,20,36.94269239902496,140.84856748580933,
2011/08/15,17:38:49:609,19,36.944130063056946,140.85570752620697,
2011/08/15,17:39:49:609,14,36.94926917552948,140.86160838603973,
2011/08/15,17:40:49:609,12,36.950122117996216,140.862375497818,
2011/08/15,17:41:49:609,22,36.953914761543274,140.86569607257843,
2011/08/15,17:42:49:609,22,36.96403205394745,140.87196171283722,
2011/08/15,17:43:49:609,23,36.97204649448395,140.8705723285675,
2011/08/15,17:44:49:609,15,36.98077976703644,140.8699071407318,
2011/08/15,17:45:49:609,22,36.988327503204346,140.86821734905243,
2011/08/15,17:46:49:609,22,36.98974370956421,140.86695671081543,
2011/08/15,17:47:49:609,21,36.99437856674194,140.86138308048248,
2011/08/15,17:48:49:609,15,37.000054121017456,140.85874378681183,
2011/08/15,17:49:49:609,28,37.001550793647766,140.8562707901001,
2011/08/15,17:50:49:609,24,37.00343906879425,140.8520543575287,
2011/08/15,17:51:49:609,19,37.00564920902252,140.84936678409576,
2011/08/15,18:05:56:781,18,37.05294728279114,140.87926268577576,973-8402973-8402
2011/08/15,18:06:56:781,19,37.05345690250397,140.88623106479645,970-8026970-8026
2011/08/15,18:07:56:781,23,37.053462266922,140.8892297744751,970-8026970-8026
2011/08/15,18:08:56:781,14,37.0521479845047,140.8931028842926,970-8026970-8026
2011/08/15,18:09:56:781,23,37.05145597457886,140.89947044849396,킫sOqUR-P
2011/08/15,18:10:56:781,21,37.05044209957123,140.8996421098709,킫sOqUV-W
2011/08/15,18:11:56:781,28,37.05032408237457,140.8994972705841,킫sOqUV-PO
2011/08/15,18:12:56:781,31,37.050265073776245,140.89955627918243,킫sOqUV-PO
2011/08/15,18:13:56:781,40,37.05031335353851,140.89952945709229,킫sOqUV-PO
2011/08/15,18:14:56:781,31,37.0503294467926,140.8995670080185,킫sOqUV-PO
2011/08/15,18:15:56:781,28,37.0503294467926,140.8995670080185,킫sOqUV-PO
2011/08/15,18:16:56:781,30,37.05032408237457,140.89959919452667,킫sOqUV-PO
2011/08/15,18:17:56:781,30,37.0503294467926,140.89961528778076,킫sOqUV-PO
2011/08/15,18:18:56:781,24,37.0503294467926,140.89961528778076,킫sOqUV-PO
2011/08/15,18:19:56:781,24,37.05032408237457,140.89960992336273,킫sOqUV-PO
2011/08/15,18:20:56:781,24,37.05034017562866,140.8996045589447,킫sOqUV-PO
2011/08/15,18:21:56:781,27,37.05034554004669,140.89959919452667,킫sOqUV-PO
2011/08/15,18:22:56:781,20,37.05035090446472,140.8996045589447,킫sOqUV-PO
2011/08/15,18:23:56:781,24,37.05092489719391,140.89971721172333,킫sOqUV-QS
2011/08/15,18:24:56:781,28,37.05121994018555,140.8943635225296,킫sϒS-Q
2011/08/15,18:25:56:781,23,37.05110192298889,140.8906352519989,킫sH쒬P-Q
2011/08/15,18:26:56:781,21,37.05136477947235,140.89039385318756,{
2011/08/15,18:27:56:781,18,37.05314040184021,140.8900934457779,970-8026970-8026
2011/08/15,18:28:56:781,27,37.05336034297943,140.8891224861145,970-8026970-8026
2011/08/15,18:29:56:781,20,37.053483724594116,140.88522255420685,970-8026970-8026
2011/08/15,18:30:56:781,26,37.053274512290955,140.87960064411163,OlX
2011/08/15,18:31:56:781,23,37.05734074115753,140.8719027042389,킫sDԒDԑقU
2011/08/15,18:32:56:781,27,37.05967962741852,140.87149500846863,킫sDԒDԏaQ-R
2011/08/15,18:33:56:781,22,37.05955624580383,140.87140381336212,킫sDԒDԏaP
2011/08/15,18:34:56:781,16,37.05946505069733,140.87146282196045,킫sDԒDԏaP
2011/08/15,18:35:56:781,21,37.059475779533386,140.87140381336212,킫sDԒDԏaP
2011/08/15,18:36:56:781,25,37.05959916114807,140.87143063545227,킫sDԒDԏaP
2011/08/15,18:37:56:781,18,37.05959379673004,140.87133944034576,킫sDԒDԏaP
2011/08/15,18:38:56:781,26,37.05962061882019,140.8714896440506,킫sDԒDԏaP
2011/08/15,18:39:56:781,19,37.05964207649231,140.87153792381287,킫sDԒDԏaQ-R
2011/08/15,18:40:56:781,17,37.059502601623535,140.87147891521454,킫sDԒDԏaP
2011/08/15,18:41:56:781,18,37.059491872787476,140.8714520931244,킫sDԒDԏaP
2011/08/15,18:42:56:781,23,37.059534788131714,140.8714199066162,킫sDԒDԏaP
2011/08/15,18:43:56:781,19,37.05955624580383,140.87140381336212,킫sDԒDԏaP
2011/08/15,18:44:56:781,20,37.05956697463989,140.87140381336212,킫sDԒDԏaP
2011/08/15,18:45:56:781,19,37.05956697463989,140.87141454219818,킫sDԒDԏaP
2011/08/15,18:46:56:781,14,37.05956161022186,140.87141454219818,킫sDԒDԏaP
2011/08/15,18:47:56:781,24,37.05956161022186,140.87142527103424,킫sDԒDԏaP
2011/08/15,18:48:56:781,22,37.05955624580383,140.8714199066162,킫sDԒDԏaP
2011/08/15,18:49:56:781,17,37.05956697463989,140.8714199066162,킫sDԒDԏaP
2011/08/15,18:50:56:781,26,37.05957233905792,140.8714199066162,킫sDԒDԏaP
2011/08/15,18:51:56:781,16,37.05957233905792,140.87141454219818,킫sDԒDԏaP
2011/08/15,18:52:56:781,21,37.05957233905792,140.87141454219818,킫sDԒDԏaP
2011/08/15,18:53:56:781,23,37.05957233905792,140.87141454219818,킫sDԒDԏaP
2011/08/15,18:54:56:781,15,37.059770822525024,140.87106585502625,킫sDԒDԏaP
2011/08/15,18:55:56:781,28,37.060495018959045,140.87090492248535,킫sDԒDԏaU
2011/08/15,18:56:56:781,23,37.06690013408661,140.870840549469,킫sDԒJ쏬JQX
2011/08/15,18:57:56:781,26,37.07004904747009,140.86798667907715,킫sDԍHƒcnRS
2011/08/15,18:58:56:781,33,37.07488238811493,140.85745096206665,킫sDԍHƒcnRP
2011/08/15,18:59:56:781,30,37.080971002578735,140.8566302061081,킫sԈ|mԂPP
2011/08/15,19:00:56:781,11,37.08460807800293,140.86317479610443,킫sԈړcPS
2011/08/15,19:01:56:781,13,37.08680748939514,140.86065351963043,킫sԈ[cQU
