2011/10/09,15:13:07:170,50,37.375869154930115,140.31746864318848,SRsΒrPS
2011/10/09,15:14:07:170,46,37.375879883766174,140.31746864318848,SRsΒrPS
2011/10/09,15:15:07:170,47,37.375869154930115,140.3174740076065,SRsΒrPS
2011/10/09,15:16:07:170,49,37.37625539302826,140.31654596328735,SRsΒrPS
2011/10/09,15:17:07:170,54,37.37496256828308,140.31109035015106,963-0201963-0201
2011/10/09,15:18:07:170,58,37.36597716808319,140.30460476875305,55
2011/10/09,15:19:07:170,47,37.36406743526459,140.30286133289337,55
2011/10/09,15:20:07:170,51,37.36330568790436,140.30629456043243,SRsOcyRO
2011/10/09,15:21:07:170,61,37.36496329307556,140.3142499923706,kԓ
2011/10/09,15:22:07:170,44,37.36924409866333,140.31084895133972,kԓ
2011/10/09,15:23:07:170,60,37.38589525222778,140.31229734420776,kԓ
2011/10/09,15:24:07:170,54,37.402326464653015,140.3122329711914,kԓ
2011/10/09,15:25:07:170,61,37.4124276638031,140.32637894153595,963-0211963-0211
2011/10/09,15:26:07:170,63,37.426766753196716,140.33559501171112,kԓ
2011/10/09,15:27:07:170,59,37.43745267391205,140.34752011299133,kԓ
2011/10/09,15:28:07:170,70,37.45043456554413,140.3532761335373,kԓ
2011/10/09,15:29:07:170,71,37.46318578720093,140.36036789417267,kԓ
2011/10/09,15:30:07:170,45,37.462756633758545,140.36144077777863,։zԓ
2011/10/09,15:31:07:170,48,37.46031045913696,140.37565112113953,։zԓ
2011/10/09,15:32:07:170,59,37.45935559272766,140.38919627666473,։zԓ
2011/10/09,15:33:07:170,53,37.452392578125,140.40569186210632,։zԓ
2011/10/09,15:34:07:170,70,37.44309067726135,140.4219353199005,։zԓ
2011/10/09,15:35:07:170,46,37.44216799736023,140.44157445430756,։zԓ
2011/10/09,15:36:07:170,44,37.43668556213379,140.45579552650452,։zԓ
2011/10/09,15:37:07:170,27,37.43287146091461,140.47478556632996,։zԓ
2011/10/09,15:38:07:170,21,37.4284565448761,140.49387753009796,։zԓ
2011/10/09,15:39:07:170,23,37.43587553501129,140.51019072532654,
2011/10/09,15:40:07:170,29,37.43791937828064,140.52631080150604,։zԓ
2011/10/09,15:41:07:170,32,37.42945432662964,140.54644346237183,։zԓ
2011/10/09,15:42:07:170,16,37.418339252471924,140.5606484413147,։zԓ
2011/10/09,15:43:07:170,26,37.40726709365845,140.56763291358948,։zԓ
2011/10/09,15:44:07:170,19,37.396849393844604,140.58014810085297,։zԓ
2011/10/09,15:45:07:170,18,37.38670527935028,140.59597313404083,։zԓ
2011/10/09,15:46:07:170,26,37.37341225147247,140.6011176109314,։zԓ
2011/10/09,15:47:07:170,18,37.36232399940491,140.60766756534576,։zԓ
2011/10/09,15:48:07:170,16,37.353134751319885,140.60757637023926,։zԓ
2011/10/09,15:49:07:170,21,37.33495473861694,140.6139761209488,
2011/10/09,15:50:07:170,13,37.318947315216064,140.61364352703094,
2011/10/09,15:51:07:170,34,37.3072475194931,140.61126172542572,։zԓ
2011/10/09,15:52:07:170,19,37.29317128658295,140.61321437358856,։zԓ
2011/10/09,15:53:07:170,18,37.279003858566284,140.62036514282227,։zԓ
2011/10/09,15:54:07:170,23,37.26831793785095,140.63779413700104,։zԓ
2011/10/09,15:55:07:170,27,37.25887656211853,140.64887702465057,։zԓ
2011/10/09,15:56:07:170,18,37.24570155143738,140.666606426239,։zԓ
2011/10/09,15:57:07:170,19,37.23562717437744,140.67841351032257,։zԓ
2011/10/09,15:58:07:170,21,37.22213566303253,140.68784952163696,։zԓ
2011/10/09,15:59:07:170,22,37.20917522907257,140.69283843040466,
2011/10/09,16:00:07:170,34,37.19518482685089,140.70396959781647,66
2011/10/09,16:01:07:170,19,37.17996060848236,140.7160234451294,։zԓ
2011/10/09,16:02:07:170,25,37.16555714607239,140.72697758674622,։zԓ
2011/10/09,16:03:07:170,30,37.15328335762024,140.73580741882324,։zԓ
2011/10/09,16:04:07:170,19,37.140896916389465,140.74841380119324,։zԓ
2011/10/09,16:05:07:170,23,37.12712109088898,140.75371384620667,
2011/10/09,16:06:07:170,23,37.110920548439026,140.75545191764832,։zԓ
2011/10/09,16:07:07:170,20,37.10330307483673,140.76896488666534,։zԓ
2011/10/09,16:08:07:170,20,37.094489336013794,140.78281581401825,։zԓ
2011/10/09,16:09:07:170,18,37.082483768463135,140.7879012823105,
2011/10/09,16:10:07:170,19,37.066272497177124,140.79327642917633,։zԓ
2011/10/09,16:11:07:170,36,37.05019533634186,140.8052122592926,։zԓ
2011/10/09,16:12:07:170,23,37.04044282436371,140.81325888633728,։zԓ
2011/10/09,16:13:07:170,27,37.04618275165558,140.8208817243576,֎ԓ
2011/10/09,16:14:07:170,22,37.05690622329712,140.82946479320526,֎ԓ
2011/10/09,16:15:07:170,26,37.066980600357056,140.83950698375702,킫sDԒDԓ쌴RV
2011/10/09,16:16:07:170,16,37.06737756729126,140.83890080451965,970-1145970-1145
2011/10/09,16:17:07:170,21,37.06739902496338,140.83890080451965,970-1145970-1145
2011/10/09,16:18:07:170,12,37.070526480674744,140.83958208560944,970-1145970-1145
2011/10/09,16:19:07:170,15,37.071733474731445,140.8409607410431,970-1145970-1145
2011/10/09,16:20:07:170,25,37.07855701446533,140.8507776260376,킫sDԍHƒcnT
2011/10/09,16:21:07:170,20,37.07710862159729,140.85469901561737,킫sDԍHƒcnPX
2011/10/09,16:22:07:170,27,37.07083761692047,140.8646285533905,킫sDԍHƒcnPV
2011/10/09,16:23:07:170,13,37.07008123397827,140.8768379688263,킫sDԒVc񖇋PX
2011/10/09,16:24:07:170,14,37.07004368305206,140.8783882856369,970-8003970-8003
2011/10/09,16:25:07:170,13,37.06892788410187,140.88144063949585,֏X
2011/10/09,16:26:07:170,15,37.0666640996933,140.88258862495422,֏X
2011/10/09,16:27:07:170,23,37.061535716056824,140.88454127311707,킫sPU
2011/10/09,16:28:07:170,11,37.057979106903076,140.88828563690186,970-8026970-8026
2011/10/09,16:29:07:170,12,37.057292461395264,140.8895194530487,970-8026970-8026
2011/10/09,16:30:07:170,20,37.05742657184601,140.89193880558014,970-8026970-8026
2011/10/09,16:31:07:170,25,37.0576411485672,140.89529156684875,킫s⒬TV
2011/10/09,16:32:07:170,15,37.057769894599915,140.8994972705841,킫sZڂTV
2011/10/09,16:33:07:170,15,37.05730855464935,140.8991700410843,킫sZڂTU
