2011/09/24,14:35:23:718,21,37.08202242851257,140.86702644824982,ïüìáåßÇ¢ÇÌÇ´ésïΩê‘à‰ì˙ìnÇPÇPÇW
2011/09/24,14:36:23:718,22,37.08291828632355,140.86565852165222,ïüìáåßÇ¢ÇÌÇ´ésïΩê‘à‰ç˘ñ⁄ìcÇTÇP
2011/09/24,14:37:23:718,21,37.082204818725586,140.86139380931854,ïüìáåßÇ¢ÇÌÇ´ésïΩê‘à‰àÍÇÃí¨ÇTÇT
2011/09/24,14:38:23:718,27,37.07764506340027,140.85499942302704,ïüìáåßÇ¢ÇÌÇ´ésçDä‘çHã∆ícínÇPÇX
2011/09/24,14:39:23:718,19,37.077505588531494,140.84482848644257,ïüìáåßÇ¢ÇÌÇ´ésçDä‘çHã∆ícínÇRÅEÇPÇR
2011/09/24,14:40:23:718,21,37.07192122936249,140.8417546749115,Åß970-1145Åß970-1145
2011/09/24,14:41:23:718,13,37.07092344760895,140.84000051021576,Åß970-1145Åß970-1145
2011/09/24,14:42:23:718,12,37.06793546676636,140.83918511867523,Åß970-1145Åß970-1145
2011/09/24,14:43:23:718,28,37.06080079078674,140.83214700222015,èÌî÷é©ìÆé‘ìπ
2011/09/24,14:44:23:718,23,37.04809784889221,140.8214020729065,èÌî÷é©ìÆé‘ìπ
2011/09/24,14:45:23:718,20,37.03740119934082,140.8174055814743,èÌî÷é©ìÆé‘ìπ
2011/09/24,14:46:23:718,14,37.026280760765076,140.81433176994324,èÌî÷é©ìÆé‘ìπ
2011/09/24,14:47:23:718,21,37.01298773288727,140.8143424987793,èÌî÷é©ìÆé‘ìπ
2011/09/24,14:48:23:718,24,36.99841797351837,140.8068859577179,Åß972-8326Åß972-8326
2011/09/24,14:49:23:718,26,36.987120509147644,140.8025622367859,èÌî÷é©ìÆé‘ìπ
2011/09/24,14:50:23:718,28,36.97326421737671,140.79369485378265,èÌî÷é©ìÆé‘ìπ
2011/09/24,14:51:23:718,26,36.96198284626007,140.78260123729706,èÌî÷é©ìÆé‘ìπ
2011/09/24,14:52:23:718,17,36.94774031639099,140.7742702960968,
2011/09/24,14:53:23:718,16,36.93349778652191,140.76932966709137,
2011/09/24,14:54:23:718,30,36.915435791015625,140.75812876224518,èÌî÷é©ìÆé‘ìπ
2011/09/24,14:55:23:718,24,36.9045352935791,140.75093507766724,èÌî÷é©ìÆé‘ìπ
2011/09/24,14:56:23:718,26,36.887465715408325,140.74544727802277,Åß979-0142Åß979-0142
2011/09/24,14:57:23:718,25,36.87086284160614,140.74249684810638,èÌî÷é©ìÆé‘ìπ
2011/09/24,14:58:23:718,17,36.8561589717865,140.73853254318237,èÌî÷é©ìÆé‘ìπ
2011/09/24,14:59:23:718,17,36.84890627861023,140.7345199584961,
2011/09/24,15:00:23:718,19,36.82737350463867,140.73045909404755,èÌî÷é©ìÆé‘ìπ
2011/09/24,15:01:23:718,27,36.80896818637848,140.73035717010498,èÌî÷é©ìÆé‘ìπ
2011/09/24,15:02:23:718,19,36.791828870773315,140.72113573551178,èÌî÷é©ìÆé‘ìπ
2011/09/24,15:03:23:718,17,36.77497923374176,140.7110720872879,èÌî÷é©ìÆé‘ìπ
2011/09/24,15:04:23:718,15,36.763123869895935,140.69875538349152,Åß319-1556Åß319-1556
2011/09/24,15:05:23:718,20,36.75170838832855,140.686417222023,Åß319-1556Åß319-1556
2011/09/24,15:06:23:718,20,36.7363715171814,140.67678272724152,èÌî÷é©ìÆé‘ìπ
2011/09/24,15:07:23:718,31,36.719934940338135,140.67120909690857,Åß318-0024Åß318-0024
2011/09/24,15:08:23:718,28,36.701969504356384,140.66992163658142,èÌî÷é©ìÆé‘ìπ
2011/09/24,15:09:23:718,23,36.68985664844513,140.6629478931427,èÌî÷é©ìÆé‘ìπ
2011/09/24,15:10:23:718,30,36.67205214500427,140.6638652086258,èÌî÷é©ìÆé‘ìπ
2011/09/24,15:11:23:718,23,36.65161907672882,140.6697553396225,Åß319-1418Åß319-1418
2011/09/24,15:12:23:718,23,36.637998819351196,140.6656676530838,Åß319-1413Åß319-1413
2011/09/24,15:13:23:718,22,36.62922263145447,140.65675735473633,
2011/09/24,15:14:23:718,16,36.61686837673187,140.63756346702576,
2011/09/24,15:15:23:718,22,36.600292325019836,140.63569128513336,èÌî÷é©ìÆé‘ìπ
2011/09/24,15:16:23:718,20,36.600292325019836,140.63569128513336,èÌî÷é©ìÆé‘ìπ
2011/09/24,15:17:23:718,14,36.57476305961609,140.61148166656494,èÌî÷é©ìÆé‘ìπ
2011/09/24,15:18:23:718,19,36.56545579433441,140.60708284378052,Åß316-0001Åß316-0001
2011/09/24,15:19:23:718,20,36.5495502948761,140.60610115528107,èÌî÷é©ìÆé‘ìπ
2011/09/24,15:20:23:718,11,36.5495502948761,140.60610115528107,èÌî÷é©ìÆé‘ìπ
2011/09/24,15:21:23:718,20,36.52773857116699,140.59156358242035,èÌî÷é©ìÆé‘ìπ
2011/09/24,15:22:23:718,22,36.51337265968323,140.58016419410706,èÌî÷é©ìÆé‘ìπ
2011/09/24,15:23:23:718,17,36.499419808387756,140.56620597839355,èÌî÷é©ìÆé‘ìπ
2011/09/24,15:24:23:718,17,36.48636281490326,140.55609941482544,èÌî÷é©ìÆé‘ìπ
2011/09/24,15:25:23:718,17,36.47955536842346,140.53528547286987,èÌî÷é©ìÆé‘ìπ
2011/09/24,15:26:23:718,14,36.47242069244385,140.5132108926773,èÌî÷é©ìÆé‘ìπ
2011/09/24,15:27:23:718,11,36.469733119010925,140.4995959997177,Åß311-0106Åß311-0106
2011/09/24,15:28:23:718,19,36.46156847476959,140.48755824565887,Åß311-0133Åß311-0133
2011/09/24,15:29:23:718,15,36.45167112350464,140.47192096710205,èÌî÷é©ìÆé‘ìπ
2011/09/24,15:30:23:718,19,36.43944561481476,140.45395016670227,èÌî÷é©ìÆé‘ìπ
2011/09/24,15:31:23:718,16,36.4266836643219,140.44027090072632,èÌî÷é©ìÆé‘ìπ
2011/09/24,15:32:23:718,15,36.414543986320496,140.42212843894958,èÌî÷é©ìÆé‘ìπ
2011/09/24,15:33:23:718,12,36.40988767147064,140.40420055389404,èÌî÷é©ìÆé‘ìπ
2011/09/24,15:34:23:718,21,36.39493703842163,140.38849890232086,èÌî÷é©ìÆé‘ìπ
2011/09/24,15:35:23:718,18,36.3749760389328,140.38483500480652,èÌî÷é©ìÆé‘ìπ
2011/09/24,15:36:23:718,25,36.36256277561188,140.3782743215561,Åß319-0323Åß319-0323
2011/09/24,15:37:23:718,22,36.35056793689728,140.3684788942337,Åß319-0323Åß319-0323
2011/09/24,15:38:23:718,14,36.339640617370605,140.3633451461792,Åß319-0323Åß319-0323
2011/09/24,15:39:23:718,17,36.32835388183594,140.3533834218979,Åß319-0323Åß319-0323
2011/09/24,15:40:23:718,14,36.32022678852081,140.34878075122833,ñkä÷ìåé©ìÆé‘ìπ
2011/09/24,15:41:23:718,9,36.31926655769348,140.34769713878632,ñkä÷ìåé©ìÆé‘ìπ
2011/09/24,15:42:23:718,19,36.317946910858154,140.33082604408264,ñkä÷ìåé©ìÆé‘ìπ
2011/09/24,15:43:23:718,18,36.31597816944122,140.31688392162323,ñkä÷ìåé©ìÆé‘ìπ
2011/09/24,15:44:23:718,19,36.322951912879944,140.30194401741028,ñkä÷ìåé©ìÆé‘ìπ
2011/09/24,15:45:23:718,25,36.33261322975159,140.28832912445068,ñkä÷ìåé©ìÆé‘ìπ
2011/09/24,15:46:23:718,20,36.340118050575256,140.27220904827118,Åß309-1722Åß309-1722
2011/09/24,15:47:23:718,23,36.34274125099182,140.253444314003,ñkä÷ìåé©ìÆé‘ìπ
2011/09/24,15:48:23:718,19,36.34468853473663,140.25479078292847,ñkä÷ìåé©ìÆé‘ìπ
2011/09/24,15:49:23:718,14,36.34458661079407,140.25472104549408,ñkä÷ìåé©ìÆé‘ìπ
2011/09/24,15:50:23:718,14,36.34458661079407,140.25470495224,ñkä÷ìåé©ìÆé‘ìπ
2011/09/24,15:51:23:718,18,36.3445919752121,140.25469958782196,ñkä÷ìåé©ìÆé‘ìπ
2011/09/24,15:52:23:718,19,36.34458124637604,140.25469958782196,ñkä÷ìåé©ìÆé‘ìπ
2011/09/24,15:53:23:718,17,36.34457588195801,140.25469958782196,ñkä÷ìåé©ìÆé‘ìπ
2011/09/24,15:54:23:718,18,36.34457588195801,140.25469422340393,
2011/09/24,15:55:23:718,17,36.34457051753998,140.25469958782196,ñkä÷ìåé©ìÆé‘ìπ
2011/09/24,15:56:23:718,22,36.34456515312195,140.25470495224,ñkä÷ìåé©ìÆé‘ìπ
2011/09/24,15:57:23:718,13,36.34456515312195,140.25470495224,ñkä÷ìåé©ìÆé‘ìπ
2011/09/24,15:58:23:718,15,36.34455978870392,140.25471031665802,ñkä÷ìåé©ìÆé‘ìπ
2011/09/24,15:59:23:718,15,36.34457588195801,140.25469958782196,ñkä÷ìåé©ìÆé‘ìπ
2011/09/24,16:00:23:718,18,36.34458124637604,140.25469422340393,ñkä÷ìåé©ìÆé‘ìπ
2011/09/24,16:01:23:718,29,36.3445919752121,140.25469958782196,ñkä÷ìåé©ìÆé‘ìπ36.34460270404816,140.25470495224,ññääììééììééìì
2011/09/24,16:02:23:718,19,36.344629526138306,140.2547264099121,ñkä÷ìåé©ìÆé‘ìπ
2011/09/24,16:03:23:718,17,36.344640254974365,140.2547425031662,ñkä÷ìåé©ìÆé‘ìπ
2011/09/24,16:04:23:718,22,36.344656348228455,140.25474786758423,ñkä÷ìåé©ìÆé‘ìπ
2011/09/24,16:05:23:718,20,36.344677805900574,140.25475323200226,ñkä÷ìåé©ìÆé‘ìπ
2011/09/24,16:06:23:718,20,36.34298801422119,140.25403439998627,ñkä÷ìåé©ìÆé‘ìπ
2011/09/24,16:07:23:718,24,36.342118978500366,140.24553179740906,ñkä÷ìåé©ìÆé‘ìπ
2011/09/24,16:08:23:718,22,36.34056866168976,140.2236557006836,ñkä÷ìåé©ìÆé‘ìπ
2011/09/24,16:09:23:718,12,36.34330987930298,140.20482659339905,ñkä÷ìåé©ìÆé‘ìπ
2011/09/24,16:10:23:718,26,36.34410917758942,140.1792812347412,ñkä÷ìåé©ìÆé‘ìπ
2011/09/24,16:11:23:718,22,36.34830951690674,140.16138017177582,ñkä÷ìåé©ìÆé‘ìπ
2011/09/24,16:12:23:718,15,36.34224772453308,140.14118313789368,ñkä÷ìåé©ìÆé‘ìπ
2011/09/24,16:13:23:718,17,36.34224772453308,140.14118313789368,ñkä÷ìåé©ìÆé‘ìπ
2011/09/24,16:14:23:718,10,36.34224772453308,140.14118313789368,ñkä÷ìåé©ìÆé‘ìπ
2011/09/24,16:15:23:718,11,36.36218190193176,140.0756675004959,ñkä÷ìåé©ìÆé‘ìπ
2011/09/24,16:16:23:718,25,36.36750340461731,140.05348563194275,ñkä÷ìåé©ìÆé‘ìπ
2011/09/24,16:17:23:718,12,36.369343400001526,140.0491189956665,
2011/09/24,16:18:23:718,10,36.3899427652359,140.01831650733948,ñkä÷ìåé©ìÆé‘ìπ
2011/09/24,16:19:23:718,16,36.405826807022095,140.00677227973938,ñkä÷ìåé©ìÆé‘ìπ
2011/09/24,16:20:23:718,19,36.419082283973694,139.99108135700226,ñkä÷ìåé©ìÆé‘ìπ
2011/09/24,16:21:23:718,15,36.4278370141983,139.97569620609283,ñkä÷ìåé©ìÆé‘ìπ
2011/09/24,16:22:23:718,12,36.44665539264679,139.96866881847382,ñkä÷ìåé©ìÆé‘ìπ
2011/09/24,16:23:23:718,13,36.46131098270416,139.9532300233841,ñkä÷ìåé©ìÆé‘ìπ
2011/09/24,16:24:23:718,22,36.471514105796814,139.93969023227692,ñkä÷ìåé©ìÆé‘ìπ
2011/09/24,16:25:23:718,11,36.484190225601196,139.9236238002777,Åß329-0607Åß329-0607
2011/09/24,16:26:23:718,18,36.48281157016754,139.90355551242828,Åß321-0123Åß321-0123
2011/09/24,16:27:23:718,15,36.46991014480591,139.89109933376312,ñkä÷ìåé©ìÆé‘ìπ
2011/09/24,16:28:23:718,21,36.46355867385864,139.86789286136627,ñkä÷ìåé©ìÆé‘ìπ
2011/09/24,16:29:23:718,24,36.45992696285248,139.8459255695343,ñkä÷ìåé©ìÆé‘ìπ
2011/09/24,16:30:23:718,15,36.45756125450134,139.8252832889557,Åß321-0216Åß321-0216
2011/09/24,16:31:23:718,25,36.45462155342102,139.8092919588089,Åß321-0214Åß321-0214
2011/09/24,16:32:23:718,20,36.4473956823349,139.7916054725647,ñkä÷ìåé©ìÆé‘ìπ
2011/09/24,16:33:23:718,16,36.441543102264404,139.77217555046082,ñkä÷ìåé©ìÆé‘ìπ
2011/09/24,16:34:23:718,13,36.439290046691895,139.75570678710938,Åß328-0111Åß328-0111
2011/09/24,16:35:23:718,20,36.43220901489258,139.7373068332672,ñkä÷ìåé©ìÆé‘ìπ
2011/09/24,16:36:23:718,17,36.423829793930054,139.72050547599792,ìåñké©ìÆé‘ìπ
2011/09/24,16:37:23:718,14,36.436017751693726,139.71505522727966,ìåñké©ìÆé‘ìπ
2011/09/24,16:38:23:718,18,36.454272866249084,139.72387433052063,ìåñké©ìÆé‘ìπ
2011/09/24,16:39:23:718,22,36.47213637828827,139.72713589668274,ìåñké©ìÆé‘ìπ
2011/09/24,16:40:23:718,15,36.48477494716644,139.7354131937027,ìåñké©ìÆé‘ìπ
2011/09/24,16:41:23:718,16,36.496726870536804,139.75130796432495,ìåñké©ìÆé‘ìπ
2011/09/24,16:42:23:718,17,36.50763273239136,139.76859211921692,ìåñké©ìÆé‘ìπ
2011/09/24,16:43:23:718,24,36.52460038661957,139.78216409683228,ìåñké©ìÆé‘ìπ
2011/09/24,16:44:23:718,14,36.53584957122803,139.79728639125824,ìåñké©ìÆé‘ìπ
2011/09/24,16:45:23:718,13,36.55302107334137,139.8090398311615,ìåñké©ìÆé‘ìπ
2011/09/24,16:46:23:718,21,36.56708121299744,139.81893718242645,ìåñké©ìÆé‘ìπ
2011/09/24,16:47:23:718,20,36.58055126667023,139.8321282863617,Åß320-0065Åß320-0065
2011/09/24,16:48:23:718,21,36.59501910209656,139.84176814556122,ìåñké©ìÆé‘ìπ
2011/09/24,16:49:23:718,13,36.613317131996155,139.84350621700287,ìåñké©ìÆé‘ìπ
2011/09/24,16:50:23:718,22,36.62841796875,139.84403729438782,ìåñké©ìÆé‘ìπ
2011/09/24,16:51:23:718,6,36.64588987827301,139.85474467277527,ìåñké©ìÆé‘ìπ
2011/09/24,16:52:23:718,9,36.65806710720062,139.86419141292572,ìåñké©ìÆé‘ìπ
2011/09/24,16:53:23:718,20,36.67383849620819,139.87407267093658,ìåñké©ìÆé‘ìπ
2011/09/24,16:54:23:718,13,36.68353736400604,139.88693118095398,ìåñké©ìÆé‘ìπ
2011/09/24,16:55:23:718,25,36.698466539382935,139.89569664001465,ìåñké©ìÆé‘ìπ
2011/09/24,16:56:23:718,23,36.71056866645813,139.90951538085938,ìåñké©ìÆé‘ìπ
2011/09/24,16:57:23:718,19,36.720948815345764,139.92040514945984,ìåñké©ìÆé‘ìπ
2011/09/24,16:58:23:718,24,36.73510551452637,139.93098378181458,ìåñké©ìÆé‘ìπ
2011/09/24,16:59:23:718,21,36.75205171108246,139.93267357349396,ìåñké©ìÆé‘ìπ
2011/09/24,17:00:23:718,14,36.76895499229431,139.93328511714935,ìåñké©ìÆé‘ìπ
2011/09/24,17:01:23:718,25,36.7848926782608,139.92104351520538,ìåñké©ìÆé‘ìπ
2011/09/24,17:02:23:718,32,36.796807050704956,139.91527140140533,ìåñké©ìÆé‘ìπ
2011/09/24,17:03:23:718,27,36.81299149990082,139.90874826908112,Åß329-2151Åß329-2151
2011/09/24,17:04:23:718,16,36.82212710380554,139.9080616235733,Åß329-2514Åß329-2514
2011/09/24,17:05:23:718,17,36.822030544281006,139.90822792053223,Åß329-2514Åß329-2514
2011/09/24,17:06:23:718,19,36.82200372219086,139.9082064628601,Åß329-2514Åß329-2514
2011/09/24,17:07:23:718,25,36.82200908660889,139.9080991744995,Åß329-2514Åß329-2514
2011/09/24,17:08:23:718,25,36.822019815444946,139.90809381008148,
2011/09/24,17:09:23:718,25,36.82201445102692,139.90810453891754,Åß329-2514Åß329-2514
2011/09/24,17:10:23:718,26,36.822046637535095,139.90812599658966,Åß329-2514Åß329-2514
2011/09/24,17:11:23:718,18,36.822057366371155,139.9081313610077,Åß329-2514Åß329-2514
2011/09/24,17:12:23:718,15,36.822057366371155,139.9081313610077,
2011/09/24,17:13:23:718,17,36.822057366371155,139.90814745426178,Åß329-2514Åß329-2514
2011/09/24,17:14:23:718,25,36.822057366371155,139.90814208984375,Åß329-2514Åß329-2514
2011/09/24,17:15:23:718,22,36.822057366371155,139.90814208984375,Åß329-2514Åß329-2514
2011/09/24,17:16:23:718,21,36.822057366371155,139.90813672542572,Åß329-2514Åß329-2514
2011/09/24,17:17:23:718,19,36.825549602508545,139.9057173728943,Åß329-2514Åß329-2514
2011/09/24,17:18:23:718,29,36.84313416481018,139.90713894367218,ìåñké©ìÆé‘ìπ
2011/09/24,17:19:23:718,33,36.857231855392456,139.91335093975067,ìåñké©ìÆé‘ìπ
2011/09/24,17:20:23:718,30,36.87458038330078,139.91749227046967,ìåñké©ìÆé‘ìπ
2011/09/24,17:21:23:718,33,36.89011037349701,139.9283766746521,Åß329-2746Åß329-2746
2011/09/24,17:22:23:718,32,36.90587639808655,139.93143439292908,Åß329-2746Åß329-2746
2011/09/24,17:23:23:718,45,36.91775858402252,139.94746327400208,Åß329-2807Åß329-2807
2011/09/24,17:24:23:718,61,36.93129301071167,139.9622744321823,ìåñké©ìÆé‘ìπ
2011/09/24,17:25:23:718,41,36.94410860538483,139.97103989124298,ìåñké©ìÆé‘ìπ
2011/09/24,17:26:23:718,52,36.953920125961304,139.98362481594086,ìåñké©ìÆé‘ìπ
2011/09/24,17:27:23:718,42,36.95898413658142,139.9897938966751,ìåñké©ìÆé‘ìπ
2011/09/24,17:28:23:718,41,36.959359645843506,139.98987436294556,Åß329-3121Åß329-3121
2011/09/24,17:29:23:718,45,36.964589953422546,139.9956625699997,ìåñké©ìÆé‘ìπ
2011/09/24,17:30:23:718,36,36.98228180408478,140.00691711902618,ìåñké©ìÆé‘ìπ
2011/09/24,17:31:23:718,34,36.99428737163544,140.01941084861755,ìåñké©ìÆé‘ìπ
2011/09/24,17:32:23:718,33,37.00364291667938,140.0376659631729,ìåñké©ìÆé‘ìπ
2011/09/24,17:33:23:718,24,37.013062834739685,140.047048330307,ìåñké©ìÆé‘ìπ
2011/09/24,17:34:23:718,36,37.0241779088974,140.06321132183075,ìåñké©ìÆé‘ìπ
2011/09/24,17:35:23:718,35,37.03690230846405,140.07664918899536,Åß329-3223Åß329-3223
2011/09/24,17:36:23:718,40,37.05031335353851,140.08720636367798,Åß329-3223Åß329-3223
2011/09/24,17:37:23:718,32,37.057249546051025,140.10198533535004,Åß329-3225Åß329-3225
2011/09/24,17:38:23:718,34,37.0700865983963,140.11291801929474,ìåñké©ìÆé‘ìπ
2011/09/24,17:39:23:718,61,37.08282172679901,140.12545466423035,Åß329-3224Åß329-3224
2011/09/24,17:40:23:718,51,37.093459367752075,140.13381242752075,Åß329-3224Åß329-3224
2011/09/24,17:41:23:718,39,37.10434913635254,140.14354348182678,
2011/09/24,17:42:23:718,48,37.117406129837036,140.16189515590668,Åß961-8061Åß961-8061
2011/09/24,17:43:23:718,50,37.12635397911072,140.17743587493896,Åß961-8061Åß961-8061
2011/09/24,17:44:23:718,30,37.13647127151489,140.19083619117737,
2011/09/24,17:45:23:718,40,37.146669030189514,140.20239114761353,ìåñké©ìÆé‘ìπ
2011/09/24,17:46:23:718,49,37.14731276035309,140.21965384483337,ìåñké©ìÆé‘ìπ
2011/09/24,17:47:23:718,43,37.144882678985596,140.23744761943817,ìåñké©ìÆé‘ìπ
2011/09/24,17:48:23:718,41,37.154903411865234,140.24659931659698,ìåñké©ìÆé‘ìπ
2011/09/24,17:49:23:718,41,37.160852551460266,140.26267111301422,ìåñké©ìÆé‘ìπ
2011/09/24,17:50:23:718,41,37.17628598213196,140.27265429496765,ìåñké©ìÆé‘ìπ
2011/09/24,17:51:23:718,39,37.18724548816681,140.29179453849792,Åß969-0105Åß969-0105
2011/09/24,17:52:23:718,33,37.20224440097809,140.3043955564499,ìåñké©ìÆé‘ìπ
2011/09/24,17:53:23:718,37,37.21685171127319,140.3096902370453,ìåñké©ìÆé‘ìπ
2011/09/24,17:54:23:718,36,37.22547769546509,140.31928181648254,ìåñké©ìÆé‘ìπ
2011/09/24,17:55:23:718,38,37.2363406419754,140.32732844352722,ìåñké©ìÆé‘ìπ
2011/09/24,17:56:23:718,28,37.2491991519928,140.33176481723785,ìåñké©ìÆé‘ìπ
2011/09/24,17:57:23:718,29,37.262486815452576,140.3437328338623,ìåñké©ìÆé‘ìπ
2011/09/24,17:58:23:718,35,37.278483510017395,140.35042762756348,ìåñké©ìÆé‘ìπ
2011/09/24,17:59:23:718,30,37.29401886463165,140.3516185283661,ìåñké©ìÆé‘ìπ
2011/09/24,18:00:23:718,22,37.30653405189514,140.346919298172,ìåñké©ìÆé‘ìπ
2011/09/24,18:01:23:718,52,37.32249319553375,140.34122228622437,Åß962-0402Åß962-0402
2011/09/24,18:02:23:718,54,37.33662307262421,140.3366196155548,Åß962-0402Åß962-0402
2011/09/24,18:03:23:718,66,37.347663044929504,140.32930254936218,Åß962-0402Åß962-0402
2011/09/24,18:04:23:718,63,37.356144189834595,140.31879365444183,Åß963-0121Åß963-0121
2011/09/24,18:05:23:718,68,37.36865937709808,140.310897231102,ìåñké©ìÆé‘ìπ
2011/09/24,18:06:23:718,54,37.380530834198,140.31267821788788,ìåñké©ìÆé‘ìπ
2011/09/24,18:07:23:718,50,37.394827008247375,140.3104466199875,
2011/09/24,18:08:23:718,48,37.40845263004303,140.31952321529388,Åß963-0211Åß963-0211
2011/09/24,18:09:23:718,53,37.423290610313416,140.33394277095795,ìåñké©ìÆé‘ìπ
2011/09/24,18:10:23:718,75,37.435789704322815,140.34568548202515,ìåñké©ìÆé‘ìπ
2011/09/24,18:11:23:718,74,37.45112657546997,140.35350143909454,ìåñké©ìÆé‘ìπ
2011/09/24,18:12:23:718,68,37.46833562850952,140.3611832857132,ìåñké©ìÆé‘ìπ
2011/09/24,18:13:23:718,76,37.47816324234009,140.36776542663574,ìåñké©ìÆé‘ìπ
2011/09/24,18:14:23:718,63,37.490742802619934,140.37862837314606,ìåñké©ìÆé‘ìπ
2011/09/24,18:15:23:718,58,37.505167722702026,140.38088142871857,Åß969-1107Åß969-1107
2011/09/24,18:16:23:718,67,37.51512944698334,140.38037180900574,Åß969-1107Åß969-1107
2011/09/24,18:17:23:718,37,37.51554250717163,140.3802055120468,Åß969-1107Åß969-1107
2011/09/24,18:18:23:718,46,37.51647591590881,140.38057029247284,Åß969-1107Åß969-1107
2011/09/24,18:19:23:718,41,37.523159980773926,140.38283944129944,Åß969-1107Åß969-1107
2011/09/24,18:20:23:718,54,37.53496170043945,140.3846687078476,ìåñké©ìÆé‘ìπ
2011/09/24,18:21:23:718,60,37.54506289958954,140.38970053195953,ìåñké©ìÆé‘ìπ
2011/09/24,18:22:23:718,52,37.556408643722534,140.39205014705658,ìåñké©ìÆé‘ìπ
2011/09/24,18:23:23:718,58,37.566901445388794,140.39652407169342,ìåñké©ìÆé‘ìπ
2011/09/24,18:24:23:718,85,37.57469594478607,140.40535390377045,ìåñké©ìÆé‘ìπ
2011/09/24,18:25:23:718,93,37.580848932266235,140.41601836681366,ìåñké©ìÆé‘ìπ
2011/09/24,18:26:23:718,99,37.59196400642395,140.4186737537384,ìåñké©ìÆé‘ìπ
2011/09/24,18:27:23:718,69,37.60091185569763,140.42166709899902,ìåñké©ìÆé‘ìπ
2011/09/24,18:28:23:718,61,37.61212885379791,140.4229974746704,ìåñké©ìÆé‘ìπ
2011/09/24,18:29:23:718,63,37.62272357940674,140.42903780937195,ìåñké©ìÆé‘ìπ
2011/09/24,18:30:23:718,66,37.6351797580719,140.43368875980377,ìåñké©ìÆé‘ìπ
2011/09/24,18:31:23:718,54,37.64697074890137,140.43298065662384,Åß960-1243Åß960-1243
2011/09/24,18:32:23:718,57,37.65607953071594,140.43409645557404,Åß960-1243Åß960-1243
2011/09/24,18:33:23:718,50,37.66346096992493,140.44813513755798,ìåñké©ìÆé‘ìπ
2011/09/24,18:34:23:718,67,37.67513394355774,140.44955670833588,ìåñké©ìÆé‘ìπ
2011/09/24,18:35:23:718,37,37.69062638282776,140.44462144374847,ìåñké©ìÆé‘ìπ
2011/09/24,18:36:23:718,87,37.70859181880951,140.44991075992584,ìåñké©ìÆé‘ìπ
2011/09/24,18:37:23:718,44,37.71602153778076,140.43664455413818,Åß960-1104Åß960-1104
2011/09/24,18:38:23:718,47,37.72562921047211,140.42822241783142,ìåñké©ìÆé‘ìπ
2011/09/24,18:39:23:718,43,37.73436784744263,140.42192459106445,Åß960-1107Åß960-1107
2011/09/24,18:40:23:718,41,37.74722635746002,140.4129660129547,Åß960-2151Åß960-2151
2011/09/24,18:41:23:718,32,37.76084661483765,140.40882468223572,ìåñké©ìÆé‘ìπ
2011/09/24,18:42:23:718,57,37.771645188331604,140.41284799575806,ìåñké©ìÆé‘ìπ
2011/09/24,18:43:23:718,71,37.78717517852783,140.4161900281906,Åß960-0251Åß960-0251
2011/09/24,18:44:23:718,61,37.79670774936676,140.42939722537994,Åß960-0241Åß960-0241
2011/09/24,18:45:23:718,59,37.80162692070007,140.44661164283752,ìåñké©ìÆé‘ìπ
2011/09/24,18:46:23:718,56,37.806095480918884,140.46457171440125,ìåñké©ìÆé‘ìπ
2011/09/24,18:47:23:718,32,37.81946897506714,140.47423839569092,ìåñké©ìÆé‘ìπ
2011/09/24,18:48:23:718,27,37.832032442092896,140.48881888389587,ìåñké©ìÆé‘ìπ
2011/09/24,18:49:23:718,64,37.841318249702454,140.50268590450287,ìåñké©ìÆé‘ìπ
2011/09/24,18:50:23:718,48,37.85788357257843,140.5140370130539,ìåñké©ìÆé‘ìπ
2011/09/24,18:51:23:718,62,37.87095665931702,140.52256643772125,ìåñké©ìÆé‘ìπ
2011/09/24,18:52:23:718,48,37.88112759590149,140.53279638290405,ìåñké©ìÆé‘ìπ
2011/09/24,18:53:23:718,66,37.88784921169281,140.54551005363464,ìåñké©ìÆé‘ìπ
2011/09/24,18:54:23:718,41,37.89180815219879,140.56006371974945,ìåñké©ìÆé‘ìπ
2011/09/24,18:55:23:718,31,37.89730131626129,140.56892573833466,ìåñké©ìÆé‘ìπ
2011/09/24,18:56:23:718,69,37.90561616420746,140.57555615901947,Åß989-0233Åß989-0233
2011/09/24,18:57:23:718,33,37.90733814239502,140.57744979858398,Åß989-0233Åß989-0233
2011/09/24,18:58:23:718,30,37.90733277797699,140.5774337053299,Åß989-0233Åß989-0233
2011/09/24,18:59:23:718,44,37.90733277797699,140.57743906974792,Åß989-0233Åß989-0233
2011/09/24,19:00:23:718,33,37.90732741355896,140.57743906974792,Åß989-0233Åß989-0233
2011/09/24,19:01:23:718,41,37.9073166847229,140.57743906974792,Åß989-0233Åß989-0233
2011/09/24,19:02:23:718,27,37.90732204914093,140.57743906974792,Åß989-0233Åß989-0233
2011/09/24,19:03:23:718,37,37.90732204914093,140.57744979858398,Åß989-0233Åß989-0233
2011/09/24,19:04:23:718,38,37.90732741355896,140.577455163002,Åß989-0233Åß989-0233
2011/09/24,19:05:23:718,31,37.90733814239502,140.57746589183807,Åß989-0233Åß989-0233
2011/09/24,19:06:23:718,39,37.90733814239502,140.5774712562561,Åß989-0233Åß989-0233
2011/09/24,19:07:23:718,38,37.90734887123108,140.5774873495102,Åß989-0233Åß989-0233
2011/09/24,19:08:23:718,34,37.90734887123108,140.5774873495102,Åß989-0233Åß989-0233
2011/09/24,19:09:23:718,44,37.90734887123108,140.57748198509216,Åß989-0233Åß989-0233
2011/09/24,19:10:23:718,30,37.90734887123108,140.57747662067413,Åß989-0233Åß989-0233
2011/09/24,19:11:23:718,36,37.90734887123108,140.5774712562561,Åß989-0233Åß989-0233
2011/09/24,19:12:23:718,39,37.90734887123108,140.5774712562561,Åß989-0233Åß989-0233
2011/09/24,19:13:23:718,36,37.90734887123108,140.5774712562561,Åß989-0233Åß989-0233
2011/09/24,19:14:23:718,28,37.90749371051788,140.57775557041168,Åß989-0233Åß989-0233
2011/09/24,19:15:23:718,42,37.91133463382721,140.58443427085876,Åß989-0233Åß989-0233
2011/09/24,19:16:23:718,52,37.911972999572754,140.59801697731018,Åß989-0233Åß989-0233
2011/09/24,19:17:23:718,40,37.922154664993286,140.60801088809967,Åß989-0233Åß989-0233
2011/09/24,19:18:23:718,44,37.93438017368317,140.6087565422058,ìåñké©ìÆé‘ìπ
2011/09/24,20:04:59:625,40,37.90663003921509,140.57805061340332,
2011/09/24,20:05:59:625,32,37.90663003921509,140.57805061340332,
2011/09/24,20:06:59:625,33,37.90663003921509,140.57805061340332,
2011/09/24,20:07:59:625,43,37.90664076805115,140.5780452489853,
2011/09/24,20:08:59:625,29,37.90663540363312,140.5780452489853,
2011/09/24,20:09:59:625,29,37.90663540363312,140.57805061340332,
2011/09/24,20:10:59:625,35,37.90663540363312,140.5780452489853,
2011/09/24,20:11:59:625,37,37.90664076805115,140.5780452489853,
2011/09/24,20:12:59:625,37,37.90632963180542,140.5776858329773,
2011/09/24,20:13:59:625,35,37.89738714694977,140.56904911994934,
2011/09/24,20:14:59:625,48,37.89239823818207,140.55615842342377,
2011/09/24,20:15:59:625,32,37.88461446762085,140.54192125797272,
2011/09/24,20:16:59:625,50,37.87781238555908,140.5270403623581,
2011/09/24,20:17:59:625,71,37.86045849323273,140.51511526107788,
2011/09/24,20:18:59:625,54,37.86045849323273,140.51511526107788,
2011/09/24,20:19:59:625,49,37.83425331115723,140.49107193946838,
2011/09/24,20:20:59:625,34,37.826271057128906,140.48158764839172,
2011/09/24,20:21:59:625,47,37.814335227012634,140.4710304737091,
2011/09/24,20:22:59:625,63,37.80477046966553,140.4620772600174,
2011/09/24,20:23:59:625,67,37.80049502849579,140.44104874134064,
2011/09/24,20:24:59:625,77,37.80049502849579,140.44104874134064,
2011/09/24,20:25:59:625,58,37.78918147087097,140.41785299777985,
2011/09/24,20:26:59:625,64,37.7710497379303,140.41277289390564,
2011/09/24,20:27:59:625,60,37.75884032249451,140.40829360485077,
2011/09/24,20:28:59:625,53,37.747913002967834,140.41238129138947,
2011/09/24,20:29:59:625,41,37.73348271846771,140.42251467704773,
2011/09/24,20:30:59:625,53,37.716906666755676,140.43519616127014,
2011/09/24,20:31:59:625,53,37.710415720939636,140.44872522354126,
2011/09/24,20:32:59:625,52,37.69538462162018,140.4472178220749,
2011/09/24,20:33:59:625,35,37.68576622009277,140.44366657733917,
2011/09/24,20:34:59:625,54,37.67214596271515,140.4522281885147,
2011/09/24,20:35:59:625,46,37.65892803668976,140.43874740600586,
2011/09/24,20:36:59:625,51,37.64387011528015,140.4342520236969,
2011/09/24,20:37:59:625,69,37.63220250606537,140.434091091156,
2011/09/24,20:38:59:625,68,37.61871635913849,140.42372703552246,
2011/09/24,20:39:59:625,74,37.615293860435486,140.4228526353836,ìåñké©ìÆé‘ìπ
2011/09/24,20:40:59:625,91,37.586347460746765,140.4164958000183,
2011/09/24,20:41:59:625,80,37.57577419281006,140.412118434906,
2011/09/24,20:42:59:625,84,37.5725394487381,140.4007887840271,
2011/09/24,20:43:59:625,74,37.56075382232666,140.39271533489227,
2011/09/24,20:44:59:625,77,37.54544377326965,140.39010286331177,
2011/09/24,20:45:59:625,64,37.52901792526245,140.38269460201263,
2011/09/24,20:46:59:625,45,37.51262426376343,140.38092970848083,
2011/09/24,20:47:59:625,67,37.49589264392853,140.3804898262024,
2011/09/24,20:48:59:625,54,37.4851530790329,140.3749805688858,
2011/09/24,20:49:59:625,46,37.473989725112915,140.3642463684082,
2011/09/24,20:50:59:625,63,37.46509552001953,140.3608614206314,
2011/09/24,20:51:59:625,63,37.46237576007843,140.36360263824463,
2011/09/24,20:52:59:625,51,37.46018171310425,140.37593007087708,
2011/09/24,20:53:59:625,57,37.459001541137695,140.38993120193481,
2011/09/24,20:54:59:625,49,37.451485991477966,140.40866374969482,
2011/09/24,20:55:59:625,64,37.44310140609741,140.4268491268158,
2011/09/24,20:56:59:625,55,37.4400919675827,140.44457852840424,
2011/09/24,20:57:59:625,47,37.43584334850311,140.4601889848709,
2011/09/24,20:58:59:625,29,37.43088662624359,140.47782182693481,
2011/09/24,20:59:59:625,40,37.42997467517853,140.4849135875702,
2011/09/24,21:00:59:625,38,37.42992639541626,140.4849135875702,
2011/09/24,21:08:50:812,23,37.42987275123596,140.48489212989807,
2011/09/24,21:09:50:812,22,37.430022954940796,140.4843020439148,
2011/09/24,21:10:50:812,32,37.43063449859619,140.49930095672607,
2011/09/24,21:11:50:812,35,37.4386328458786,140.51697671413422,
2011/09/24,21:12:50:812,29,37.43584871292114,140.5333971977234,
2011/09/24,21:13:50:812,18,37.42523789405823,140.55307388305664,
2011/09/24,21:14:50:812,27,37.41137623786926,140.5645751953125,
2011/09/24,21:15:50:812,25,37.399311661720276,140.57420432567596,
2011/09/24,21:16:50:812,24,37.38855600357056,140.5942940711975,
2011/09/24,21:17:50:812,23,37.37191021442413,140.60236752033234,
2011/09/24,21:18:50:812,22,37.3553341627121,140.6080538034439,
2011/09/24,21:19:50:812,23,37.34070539474487,140.61006009578705,
2011/09/24,21:20:50:812,36,37.32533633708954,140.6174898147583,
2011/09/24,21:21:50:812,32,37.306453585624695,140.61152458190918,
2011/09/24,21:22:50:812,28,37.29252219200134,140.61305344104767,
2011/09/24,21:23:50:812,29,37.27736234664917,140.62209248542786,
2011/09/24,21:24:50:812,17,37.26870954036713,140.6367963552475,
2011/09/24,21:25:50:812,23,37.254284620285034,140.6530773639679,
2011/09/24,21:26:50:812,24,37.24545478820801,140.6667673587799,
2011/09/24,21:27:50:812,22,37.23069190979004,140.68131029605865,
2011/09/24,21:28:50:812,29,37.21801042556763,140.69098234176636,
2011/09/24,21:29:50:812,31,37.20220148563385,140.69601953029633,
2011/09/24,21:30:50:812,33,37.1872615814209,140.70922136306763,
2011/09/24,21:31:50:812,32,37.175095081329346,140.72141468524933,
2011/09/24,21:32:50:812,28,37.158111333847046,140.73267459869385,
2011/09/24,21:33:50:812,18,37.145880460739136,140.74333369731903,
2011/09/24,21:34:50:812,20,37.12949216365814,140.7541859149933,
2011/09/24,21:35:50:812,22,37.1159952878952,140.75176119804382,
2011/09/24,21:36:50:812,30,37.10329234600067,140.76905071735382,
2011/09/24,21:37:50:812,29,37.09453761577606,140.7830250263214,
2011/09/24,21:38:50:812,21,37.07652926445007,140.79121112823486,
2011/09/24,21:39:50:812,24,37.06110656261444,140.7973051071167,
2011/09/24,21:40:50:812,17,37.04672992229462,140.80689668655396,
2011/09/24,21:41:50:812,24,37.04210579395294,140.8202165365219,
2011/09/24,21:42:50:812,21,37.056010365486145,140.82827389240265,
2011/09/24,21:43:50:812,12,37.067742347717285,140.83920121192932,
2011/09/24,21:44:50:812,15,37.06794619560242,140.8392173051834,
2011/09/24,21:45:50:812,18,37.06920146942139,140.84300994873047,
2011/09/24,21:46:50:812,17,37.06992030143738,140.84117531776428,
2011/09/24,21:47:50:812,24,37.069957852363586,140.84116458892822,
2011/09/24,21:48:50:812,16,37.06990957260132,140.84116995334625,
2011/09/24,21:49:50:812,18,37.06992030143738,140.84119141101837,
2011/09/24,21:50:50:812,14,37.06991493701935,140.84120213985443,
2011/09/24,21:51:50:812,29,37.06992566585541,140.8411967754364,
2011/09/24,21:52:50:812,25,37.06970036029816,140.84116995334625,
2011/09/24,21:53:50:812,23,37.069754004478455,140.84118604660034,
2011/09/24,21:54:50:812,21,37.069759368896484,140.8411806821823,ïüìáåßÇ¢ÇÌÇ´ésçDä‘í¨ñkçDä‘ìÏí¨ìcÇRÇT
2011/09/24,21:55:50:812,16,37.069759368896484,140.8411806821823,ïüìáåßÇ¢ÇÌÇ´ésçDä‘í¨ñkçDä‘ìÏí¨ìcÇRÇT
2011/09/24,21:56:50:812,19,37.069759368896484,140.8411806821823,ïüìáåßÇ¢ÇÌÇ´ésçDä‘í¨ñkçDä‘ìÏí¨ìcÇRÇT
2011/09/24,21:57:50:812,24,37.069759368896484,140.8411806821823,ïüìáåßÇ¢ÇÌÇ´ésçDä‘í¨ñkçDä‘ìÏí¨ìcÇRÇT
2011/09/24,21:58:50:812,18,37.06980228424072,140.84117531776428,
2011/09/24,21:59:50:812,23,37.06983983516693,140.84108412265778,
2011/09/24,22:00:50:812,36,37.06983983516693,140.8410680294037,ïüìáåßÇ¢ÇÌÇ´ésçDä‘í¨ñkçDä‘ìÏí¨ìcÇQÇO
2011/09/24,22:01:50:812,49,37.06983983516693,140.8410680294037,ïüìáåßÇ¢ÇÌÇ´ésçDä‘í¨ñkçDä‘ìÏí¨ìcÇQÇO
2011/09/24,22:02:50:812,30,37.07004904747009,140.84115386009216,
2011/09/24,22:03:50:812,23,37.070751786231995,140.83989322185516,
2011/09/24,22:04:50:812,27,37.077746987342834,140.84563314914703,
