exchange_rate:100
2012/07/14,13:57:39:765,20,37.082011699676514,140.86708009243011,•“‡§‚Ά‚ν‚«s•½Τδ“ϊ“n‚P‚P‚W
2012/07/14,13:58:39:765,15,37.08286464214325,140.86551904678345,•“‡§‚Ά‚ν‚«s•½Τδ“c’†‚Q‚U
2012/07/14,13:59:39:765,19,37.082247734069824,140.86146891117096,•“‡§‚Ά‚ν‚«s•½Τδκ‚Μ’¬‚T‚T
2012/07/14,14:00:39:765,21,37.07764506340027,140.85492968559265,•“‡§‚Ά‚ν‚«sDΤH‹Ζ’c’n‚P‚X
2012/07/14,14:01:39:765,22,37.077704071998596,140.8538943529129,•“‡§‚Ά‚ν‚«sDΤH‹Ζ’c’n‚U
2012/07/14,14:02:39:765,21,37.07735002040863,140.84453344345093,•“‡§‚Ά‚ν‚«sDΤH‹Ζ’c’n‚RE‚P‚Q
2012/07/14,14:03:39:765,17,37.0746248960495,140.84391117095947,•“‡§‚Ά‚ν‚«sDΤH‹Ζ’c’n‚Q
2012/07/14,14:04:39:765,18,37.07114338874817,140.84010243415833,•“‡§‚Ά‚ν‚«sDΤ’¬–kDΤ–k’¬“c
2012/07/14,14:05:39:765,13,37.07119166851044,140.84006488323212,“ϊ–{
2012/07/14,14:06:39:765,11,37.065516114234924,140.83661556243896,•“‡§‚Ά‚ν‚«sDΤ’¬–kDΤ‰®•~‘O
2012/07/14,14:07:39:765,20,37.05608010292053,140.82908928394318,•“‡§‚Ά‚ν‚«sDΤ’¬γDΤΐ•½
2012/07/14,14:08:39:765,20,37.04519033432007,140.8208441734314,•“‡§‚Ά‚ν‚«s“ΰ‹½‹{’¬•τ
2012/07/14,14:09:39:765,24,37.03963279724121,140.814648270607,•“‡§‚Ά‚ν‚«s“ΰ‹½‹{’¬‹SƒP‘ς
2012/07/14,14:10:39:765,10,37.05058157444,140.80480992794037,•“‡§‚Ά‚ν‚«s“ΰ‹½‚–μ’¬“Ί‰®μ
2012/07/14,14:11:39:765,14,37.062270641326904,140.79666674137115,•“‡§‚Ά‚ν‚«sDΤ’¬ε¬‰®m“c‘q
2012/07/14,14:12:39:765,25,37.07505404949188,140.79132914543152,•“‡§‚Ά‚ν‚«sDΤ’¬‘ε—¬μθ
2012/07/14,14:13:39:765,17,37.08463490009308,140.78731656074524,•“‡§‚Ά‚ν‚«sOa’¬‡Λ¬‘ς
2012/07/14,14:14:39:765,12,37.09635078907013,140.7787013053894,•“‡§‚Ά‚ν‚«sOa’¬‡Λ‰w
2012/07/14,14:15:39:765,17,37.10606038570404,140.76541364192963,•“‡§‚Ά‚ν‚«sOa’¬‡ΛΧΛ
2012/07/14,14:16:39:765,15,37.116166949272156,140.75143933296204,•“‡§‚Ά‚ν‚«sOa’¬“nΛ‹|’£–Ψ
2012/07/14,14:17:39:765,14,37.12823152542114,140.7535743713379,•“‡§‚Ά‚ν‚«sOa’¬‰Ί‰iδ‘ε–x
2012/07/14,14:18:39:765,14,37.1412456035614,140.74798464775085,•“‡§‚Ά‚ν‚«sOa’¬γ‰iδ
2012/07/14,14:19:39:765,24,37.15244114398956,140.73658525943756,•“‡§‚Ά‚ν‚«sOa’¬γ‰iδ‘ε•½“c
2012/07/14,14:20:39:765,13,37.164157032966614,140.72842061519623,•“‡§‚Ά‚ν‚«sOa’¬·‰–
2012/07/14,14:21:39:765,22,37.17495024204254,140.72148978710175,•“‡§‚Ά‚ν‚«sOa’¬·‰–
2012/07/14,14:22:39:765,28,37.18622088432312,140.70967733860016,•“‡§‚Ά‚ν‚«sOa’¬·‰–
2012/07/14,14:23:39:765,22,37.19802260398865,140.69993555545807,•“‡§‚Ά‚ν‚«sOa’¬‰ΊOβ
2012/07/14,14:24:39:765,31,37.21168041229248,140.69149732589722,•“‡§‚Ά‚ν‚«sOa’¬‰ΊOβ
2012/07/14,14:25:39:765,21,37.22572982311249,140.68433046340942,•“‡§‚Ά‚ν‚«sOa’¬‰ΊOβ
2012/07/14,14:26:39:765,22,37.23924279212952,140.6762570142746,•“‡§“c‘ΊS¬–μ’¬‰Δδ
2012/07/14,14:27:39:765,23,37.248796820640564,140.66108644008636,“ϊ–{
2012/07/14,14:28:39:765,20,37.25779831409454,140.64913988113403,“ϊ–{
2012/07/14,14:29:39:765,17,37.26865589618683,140.63682854175568,•“‡§“c‘ΊS¬–μ’¬’J’Γμ
2012/07/14,14:30:39:765,15,37.27767884731293,140.62167406082153,•“‡§“c‘ΊS¬–μ’¬¬–μΤΐ
2012/07/14,14:31:39:765,20,37.29155123233795,140.6125921010971,•“‡§“c‘ΊS¬–μ’¬¬–μV’¬”n”Τ
2012/07/14,14:32:39:765,15,37.30314373970032,140.61393857002258,•“‡§“c‘ΊS¬–μ’¬”Ρ–L–{”Ρ–L
2012/07/14,14:33:39:765,28,37.31775104999542,140.61188399791718,•“‡§“c‘ΊS¬–μ’¬‹g–μ•ΣΦκ
2012/07/14,14:34:39:765,31,37.33099043369293,140.61648666858673,•“‡§“c‘ΊS¬–μ’¬‹g–μ•Σ‘κ
2012/07/14,14:35:39:765,24,37.34369874000549,140.60874044895172,•“‡§“c‘ΊS¬–μ’¬‹g–μ•Σβ–{
2012/07/14,14:36:39:765,29,37.35535025596619,140.60796797275543,•“‡§“c‘Ίs‘ε‰z’¬Io‘ς–Ϊ–Ψ
2012/07/14,14:37:39:765,27,37.36868619918823,140.6054574251175,•“‡§“c‘Ίs‘ε‰z’¬–q–μ–q–μ
2012/07/14,14:38:39:765,32,37.3819363117218,140.5978238582611,•“‡§“c‘Ίs‘Dψ’¬–ε‘ςα‘“ΰ
2012/07/14,14:39:39:765,27,37.394124269485474,140.58633863925934,•“‡§“c‘Ίs‘Dψ’¬–x‰z”n‹ς‘O
2012/07/14,14:40:39:765,30,37.40249812602997,140.57092666625977,•“‡§“c‘Ίs‘Dψ’¬‰“R‘ς΄
2012/07/14,14:41:39:765,30,37.41548538208008,140.5616730451584,•“‡§“c‘Ίs‘Dψ’¬°‘ς–{‹½
2012/07/14,14:42:39:765,22,37.427560687065125,140.54994642734528,•“‡§“c‘Ίs‘Dψ’¬tREΡ“ΰ
2012/07/14,14:43:39:765,28,37.436041831970215,140.53296267986298,•“‡§“c‘Ίs‘Dψ’¬tRO‡“ΰ
2012/07/14,14:44:39:765,23,37.43835926055908,140.51641881465912,•“‡§“c‘ΊSOt’¬‹ΪƒP‘ς
2012/07/14,14:45:39:765,19,37.43024826049805,140.49878597259521,•“‡§“c‘ΊSOt’¬y“ΰ
2012/07/14,14:46:39:765,20,37.429019808769226,140.48177003860474,•“‡§“c‘ΊSOt’¬LR
2012/07/14,14:47:39:765,25,37.43520498275757,140.47045648097992,•“‡§SRsΌ“c’¬‘ε“cό“c
2012/07/14,14:48:39:765,30,37.437275648117065,140.45271635055542,•“‡§“c‘ΊSOt’¬R“c•§•ϋ
2012/07/14,14:49:39:765,34,37.443256974220276,140.43674111366272,•“‡§SRsΌ“c’¬–Ψ‘Ί“ρ’r
2012/07/14,14:50:39:765,47,37.44288682937622,140.4229062795639,•“‡§SRs“ϊa“c’¬”’–Ϊ“cγ
2012/07/14,14:51:39:765,66,37.451266050338745,140.40916800498962,•“‡§SRs“ϊa“c’¬”’–Ϊ]ό
2012/07/14,14:52:39:765,70,37.45718836784363,140.39363265037537,•“‡§SRs“ϊa“c’¬Rƒmδ
2012/07/14,14:53:39:765,59,37.46032118797302,140.37540435791016,•“‡§SRs“ϊa“c’¬–k–μ
2012/07/14,14:54:39:765,28,37.46257960796356,140.362046957016,•“‡§SRsμ‹v“c’¬Τβ‚P’–Ϊ
2012/07/14,14:55:39:765,34,37.46605575084686,140.3548800945282,•“‡§SRsμ‹v“c’¬’Ψ‘ς‚Q’–Ϊ
2012/07/14,14:56:39:765,42,37.46385097503662,140.36063611507416,•“‡§SRsμ‹v“c’¬Τβ‚P’–Ϊ
2012/07/14,14:57:39:765,39,37.45005905628204,140.35330295562744,•“‡§SRsμ‹v“c’¬‘ξ΄κι“ΰ
2012/07/14,14:58:39:765,39,37.43815541267395,140.34838378429413,•“‡§SRs•x‹vR’¬”R“cΌƒPμ
2012/07/14,14:59:39:765,38,37.42846727371216,140.3371238708496,•“‡§SRs•x“c’¬z–K“ΰ
2012/07/14,15:00:39:765,33,37.415050864219666,140.32968878746033,“ϊ–{
2012/07/14,15:01:39:765,49,37.40493357181549,140.31434655189514,•“‡§SRs•Π•½’¬M’R΄
2012/07/14,15:02:39:765,38,37.38903343677521,140.31160533428192,•“‡§SRs‘ε’Ξ’¬λ“c
2012/07/14,15:03:39:765,38,37.37356781959534,140.3113692998886,•“‡§SRs‘ε’Ξ’¬“μ΄
2012/07/14,15:04:39:765,35,37.35947549343109,140.3150975704193,•“‡§SRsO•δ“c’¬μ“c‚R’–Ϊ
2012/07/14,15:05:39:765,48,37.34700858592987,140.33016085624695,•“‡§SRsΐΟ’¬‹’λ‚Q’–Ϊ
2012/07/14,15:06:39:765,43,37.33178973197937,140.33738136291504,•“‡§{‰κμsmδ“cβο“ΰ
2012/07/14,15:07:39:765,38,37.31452703475952,140.34359872341156,•“‡§{‰κμs‰z‹vκ“l“ΰ
2012/07/14,15:08:39:765,27,37.2996461391449,140.3510069847107,•“‡§{‰κμsΌμ‰B‹v•Ϋ
2012/07/14,15:09:39:765,19,37.282233238220215,140.350701212883,•“‡§{‰κμs
2012/07/14,15:10:39:765,26,37.26788341999054,140.34878075122833,•“‡§β£S‹ΎΞ’¬‹Ύ“c‚©‚°ΐ’¬
2012/07/14,15:11:39:765,21,37.25345313549042,140.33421099185944,•“‡§β£S‹ΎΞ’¬mδ“c
2012/07/14,15:12:39:765,25,37.2369521856308,140.32769322395325,•“‡§β£S‹ΎΞ’¬¬IR
2012/07/14,15:13:39:765,25,37.22543478012085,140.31941056251526,•“‡§β£S‹ΎΞ’¬ιƒm“ΰ
2012/07/14,15:14:39:765,21,37.21274256706238,140.3084671497345,•“‡§Ό”’‰ΝS–ξ’¬δΛK
2012/07/14,15:15:39:765,26,37.197861671447754,140.29970169067383,“ϊ–{
2012/07/14,15:16:39:765,24,37.18390345573425,140.28774976730347,•“‡§Ό”’‰ΝSςθ‘Ί“¥£
2012/07/14,15:17:39:765,35,37.17625916004181,140.27272939682007,
2012/07/14,15:18:39:765,32,37.162118554115295,140.26703774929047,“ϊ–{
2012/07/14,15:19:39:765,41,37.1555632352829,140.24909913539886,•“‡§”’‰Νs¬“cμκ–{Ό
2012/07/14,15:20:39:765,46,37.143638134002686,140.23512482643127,•“‡§”’‰Νs“ϊόR
2012/07/14,15:21:39:765,43,37.14834272861481,140.21564662456512,•“‡§”’‰Νs–L’nγ–νY
2012/07/14,15:22:39:765,37,37.144893407821655,140.20054042339325,•“‡§Ό”’‰ΝSΌ‹½‘Ί’·βόR
2012/07/14,15:23:39:765,34,37.1349960565567,140.18702745437622,•“‡§Ό”’‰ΝSΌ‹½‘Ί•Δ’†R‘O
2012/07/14,15:24:39:765,29,37.1236127614975,140.17561197280884,•“‡§Ό”’‰ΝSΌ‹½‘Ί¬“c‘qκ
2012/07/14,15:25:39:765,47,37.11663365364075,140.15856385231018,•“‡§Ό”’‰ΝSΌ‹½‘Ί¬“c‘qΓ•Δβ
2012/07/14,15:26:39:765,49,37.10833489894867,140.14450907707214,•“‡§Ό”’‰ΝSΌ‹½‘Ί¬“c‘qƒiƒJƒgƒ
2012/07/14,15:27:39:765,33,37.096484899520874,140.13543248176575,“ϊ–{
2012/07/14,15:28:39:765,41,37.08691477775574,140.1294082403183,“ϊ–{
2012/07/14,15:29:39:765,40,37.07386314868927,140.11744022369385,“ϊ–{
2012/07/14,15:30:39:765,18,37.062002420425415,140.10611593723297,“ϊ–{
2012/07/14,15:31:39:765,25,37.05665409564972,140.10259687900543,“ϊ–{
2012/07/14,15:32:39:765,29,37.05667555332184,140.10256469249725,“ϊ–{
2012/07/14,15:33:39:765,20,37.05668091773987,140.10258078575134,“ϊ–{
2012/07/14,15:34:39:765,17,37.05669701099396,140.1025915145874,“ϊ–{
2012/07/14,15:35:39:765,23,37.05670773983002,140.1025915145874,“ϊ–{
2012/07/14,15:36:39:765,17,37.05670237541199,140.1025915145874,“ϊ–{
2012/07/14,15:37:39:765,24,37.05670773983002,140.10260224342346,“ϊ–{
2012/07/14,15:38:39:765,23,37.0546692609787,140.09674429893494,“ϊ–{
2012/07/14,15:39:39:765,34,37.04667627811432,140.08278608322144,“Θ–Ψ§“ί{S“ί{’¬›q•Έ
2012/07/14,15:40:39:765,30,37.0332008600235,140.07434785366058,“Θ–Ψ§“ί{S“ί{’¬‚‹v•Έ
2012/07/14,15:41:39:765,25,37.02247738838196,140.060014128685,“Θ–Ψ§“ί{S“ί{’¬‚‹vb
2012/07/14,15:42:39:765,27,37.0109760761261,140.04543364048004,“Θ–Ψ§“ί{S“ί{’¬‚‹vb
2012/07/14,15:43:39:765,40,37.00088560581207,140.0332349538803,“Θ–Ψ§“ί{‰–΄s’Ή–μ–Ϊ
2012/07/14,15:44:39:781,37,36.99446439743042,140.0197809934616,“ϊ–{
2012/07/14,15:45:39:781,32,36.985334157943726,140.0091701745987,“ϊ–{
2012/07/14,15:46:39:796,29,36.97395622730255,140.00218033790588,“Θ–Ψ§“ί{‰–΄sΒ–Ψ
2012/07/14,15:47:39:796,28,36.96317374706268,139.99439656734467,“Θ–Ψ§“ί{‰–΄s‰––μθ
2012/07/14,15:48:39:796,29,36.95426344871521,139.98426854610443,“Θ–Ψ§“ί{‰–΄s’†“ΰ
2012/07/14,15:49:39:812,45,36.943899393081665,139.97081995010376,
2012/07/14,15:50:39:812,41,36.9308477640152,139.96228516101837,“Θ–Ψ§“ί{‰–΄sΪ–Ψ
2012/07/14,15:51:39:812,45,36.919153332710266,139.95055317878723,“ϊ–{
2012/07/14,15:52:39:828,40,36.91206693649292,139.93721723556519,“ϊ–{
2012/07/14,15:53:39:828,37,36.90249145030975,139.92975533008575,“Θ–Ψ§“ί{‰–΄sγ‘εΡ
2012/07/14,15:54:39:843,28,36.890464425086975,139.92845714092255,“ϊ–{
2012/07/14,15:55:39:843,19,36.879451274871826,139.92398858070374,“Θ–Ψ§“ί{‰–΄s‰Ί‘εΡ
2012/07/14,15:56:39:843,19,36.87287986278534,139.9158775806427,“Θ–Ψ§–ξ”ΒsγΙ²–μ
2012/07/14,15:57:39:843,30,36.861287355422974,139.91295397281647,“ϊ–{
2012/07/14,15:58:39:843,37,36.847538352012634,139.90872144699097,“ϊ–{
2012/07/14,15:59:39:843,29,36.83136999607086,139.90607678890228,“Θ–Ψ§–ξ”Βsγ‘Ύ“c
2012/07/14,16:00:39:843,21,36.822786927223206,139.908726811409,“Θ–Ψ§–ξ”Βs‰Ί‘Ύ“c
2012/07/14,16:01:39:843,20,36.82274401187897,139.908549785614,“Θ–Ψ§–ξ”Βs‰Ί‘Ύ“c
2012/07/14,16:02:39:843,19,36.82273864746094,139.908549785614,“Θ–Ψ§–ξ”Βs‰Ί‘Ύ“c
2012/07/14,16:03:39:843,19,36.81743323802948,139.91028249263763,“ϊ–{
2012/07/14,16:04:39:843,22,36.80374324321747,139.91323828697205,“Θ–Ψ§–ξ”ΒsK‰
2012/07/14,16:05:39:843,17,36.794060468673706,139.9157166481018,“Θ–Ψ§–ξ”ΒsK‰
2012/07/14,16:06:39:843,29,36.779335141181946,139.92463767528534,“Θ–Ψ§–ξ”ΒsΩƒmμ
2012/07/14,16:07:39:843,28,36.764346957206726,139.9342131614685,“Θ–Ψ§–ξ”Βs•Π‰
2012/07/14,16:08:39:843,24,36.75258815288544,139.93287205696106,
2012/07/14,16:09:39:843,22,36.73698306083679,139.93105351924896,“Θ–Ψ§–ξ”Βs‘ε’Ξ
2012/07/14,16:10:39:843,19,36.72307312488556,139.92266356945038,“Θ–Ψ§‰–’JS‰–’J’¬•I“ΰ
2012/07/14,16:11:39:843,17,36.71124994754791,139.90907549858093,“Θ–Ψ§‰F“s‹{sγ¬‘q’¬
2012/07/14,16:12:39:843,12,36.70176029205322,139.89871680736542,“Θ–Ψ§‰F“s‹{s΅—Ά’¬
2012/07/14,16:13:39:843,19,36.688499450683594,139.88975822925568,“Θ–Ψ§‰F“s‹{s΅—Ά’¬
2012/07/14,16:14:39:843,24,36.6772985458374,139.88003253936768,“Θ–Ψ§‰F“s‹{s’†—Ά’¬
2012/07/14,16:15:39:843,16,36.66836142539978,139.86976504325867,“ϊ–{
2012/07/14,16:16:39:843,16,36.65486991405487,139.86293077468872,“Θ–Ψ§‰F“s‹{sγ‰΅‘q’¬
2012/07/14,16:17:39:843,14,36.64281606674194,139.85361278057098,“ϊ–{
2012/07/14,16:18:39:843,18,36.628273129463196,139.84414994716644,“Θ–Ψ§‰F“s‹{s•σ–Ψ–{’¬
2012/07/14,16:19:39:843,13,36.61095142364502,139.84414994716644,“Θ–Ψ§‰F“s‹{s•σ–Ψ–{’¬
2012/07/14,16:20:39:843,12,36.59399449825287,139.8415857553482,“ϊ–{
2012/07/14,16:21:39:843,19,36.57892048358917,139.8307228088379,“ϊ–{
2012/07/14,16:22:39:843,18,36.56857788562775,139.81995105743408,“Θ–Ψ§‰F“s‹{s‰Ίrj’¬
2012/07/14,16:23:39:843,10,36.55431389808655,139.81095492839813,
2012/07/14,16:24:39:843,17,36.542657017707825,139.79999542236328,“ϊ–{
2012/07/14,16:25:39:843,11,36.53045296669006,139.79184687137604,“ϊ–{
2012/07/14,16:26:39:843,8,36.521435379981995,139.77830171585083,“ϊ–{
2012/07/14,16:27:39:843,23,36.50732159614563,139.76858139038086,“ϊ–{
2012/07/14,16:28:39:843,24,36.497440338134766,139.75541174411774,“Θ–Ψ§­ΐsι’¬
2012/07/14,16:29:39:843,16,36.493207812309265,139.74154472351074,“Θ–Ψ§­ΐsι’¬
2012/07/14,16:30:39:843,12,36.479941606521606,139.7322964668274,“Θ–Ψ§“Θ–ΨsΌ•ϋ’¬–{ι
2012/07/14,16:31:39:843,13,36.46690607070923,139.72828924655914,“Θ–Ψ§“Θ–ΨsΌ•ϋ’¬–{ι
2012/07/14,16:32:39:843,17,36.45284056663513,139.722860455513,“Θ–Ψ§“Θ–Ψs“s‰κ’¬•x’£
2012/07/14,16:33:39:843,10,36.43795430660248,139.71527516841888,“Θ–Ψ§“Θ–Ψs“s‰κ’¬‘ε‹΄
2012/07/14,16:34:39:843,13,36.421571373939514,139.72028017044067,“Θ–Ψ§“Θ–Ψs–Ψ–μ’n’¬
2012/07/14,16:35:39:843,17,36.40539765357971,139.71258223056793,“Θ–Ψ§“Θ–Ψs–μ’†’¬
2012/07/14,16:36:39:843,16,36.39688432216644,139.6947830915451,“Θ–Ψ§“Θ–Ψs‘εFμ’¬
2012/07/14,16:37:39:843,17,36.389374136924744,139.67881321907043,“Θ–Ψ§“Θ–Ψsu’Ή’¬
2012/07/14,16:38:39:843,15,36.38180494308472,139.66754257678986,“ϊ–{
2012/07/14,16:39:39:843,18,36.37168765068054,139.65429782867432,“Θ–Ψ§‰Ί“s‰κSβM’¬¬–μ›
2012/07/14,16:40:39:843,16,36.37115120887756,139.6324110031128,“ϊ–{
2012/07/14,16:41:39:843,22,36.359140276908875,139.62726652622223,“ϊ–{
2012/07/14,16:42:39:843,12,36.34456515312195,139.62420880794525,“Θ–Ψ§‰Ί“s‰κSβM’¬γ‰
2012/07/14,16:43:39:843,19,36.33125603199005,139.61537897586823,“Θ–Ψ§²–μs”Bμ’¬
2012/07/14,16:44:39:843,20,36.3180810213089,139.62064146995544,“Θ–Ψ§²–μs•Ρ’¬
2012/07/14,16:45:39:843,15,36.30332887172699,139.6176642179489,“Θ–Ψ§²–μsΌ‰Y’¬
2012/07/14,16:46:39:843,17,36.29126965999603,139.6187800168991,“Θ–Ψ§“Θ–Ψs“΅‰’¬“s‰κ
2012/07/14,16:47:39:843,11,36.278443336486816,139.6099877357483,“Θ–Ψ§²–μs‚R’¬
2012/07/14,16:48:39:843,21,36.26615881919861,139.6008038520813,Q”n§—WyS”Β‘q’¬Ό‰V“c
2012/07/14,16:49:39:843,27,36.25315010547638,139.59351360797882,Q”n§Ω—Ρs
2012/07/14,16:50:39:843,21,36.244239807128906,139.57890629768372,Q”n§Ω—Ρs“ν’¬
2012/07/14,16:51:39:843,19,36.22918725013733,139.573016166687,Q”n§Ω—Ρs‰H•’¬
