exchange_rate:100
2012/03/19,19:17:44:781,8,36.216822266578674,139.62658524513245,354
2012/03/19,19:18:44:781,12,36.21539533138275,139.62222933769226,QnWySqqVVV
2012/03/19,19:19:44:781,13,36.21539533138275,139.62222933769226,QnWySqqVVV
2012/03/19,19:20:44:781,19,36.21539533138275,139.62222933769226,QnWySqqVVV
2012/03/19,19:21:44:781,16,36.21539533138275,139.62222933769226,QnWySqqVVV
2012/03/19,19:22:44:781,8,36.21539533138275,139.62222933769226,QnWySqqVVV
2012/03/19,19:23:44:781,16,36.225571632385254,139.58402395248413,374-0133374-0133
2012/03/19,19:24:44:781,22,36.227781772613525,139.5774632692337,QnٗюsHRWT
2012/03/19,19:25:44:781,18,36.22713267803192,139.57400858402252,kԓ
2012/03/19,19:26:44:781,11,36.22873663902283,139.57250118255615,kԓ
2012/03/19,19:27:44:781,10,36.24295771121979,139.57761347293854,kԓ
2012/03/19,19:28:44:781,19,36.253981590270996,139.59430754184723,kԓ
2012/03/19,19:29:44:781,27,36.26778423786163,139.6008950471878,kԓ
2012/03/19,19:30:44:781,19,36.279462575912476,139.6110337972641,kԓ
2012/03/19,19:31:44:781,8,36.296172738075256,139.61854934692383,kԓ
2012/03/19,19:32:44:781,25,36.30786716938019,139.61884438991547,kԓ
2012/03/19,19:33:44:781,12,36.31697058677673,139.62026059627533,327-0813327-0813
2012/03/19,19:34:44:781,13,36.31725490093231,139.62018013000488,327-0813327-0813
2012/03/19,19:35:44:781,7,36.31722271442413,139.62016940116882,327-0813327-0813
2012/03/19,19:36:44:781,14,36.31723880767822,139.6201640367508,327-0813327-0813
2012/03/19,19:37:44:781,8,36.31724953651428,139.62015867233276,327-0813327-0813
2012/03/19,19:38:44:781,14,36.31726562976837,139.62015330791473,327-0813327-0813
2012/03/19,19:39:44:781,15,36.32902979850769,139.6139144897461,kԓ
2012/03/19,19:40:44:781,17,36.34153425693512,139.6240746974945,kԓ
2012/03/19,19:41:44:781,20,36.358850598335266,139.6270787715912,329-4314329-4314
2012/03/19,19:42:44:781,15,36.37100100517273,139.6317458152771,329-4314329-4314
2012/03/19,19:43:44:781,17,36.37182176113129,139.6499365568161,kԓ
2012/03/19,19:44:44:781,16,36.37869358062744,139.6631383895874,kԓ
2012/03/19,19:45:44:781,17,36.38973891735077,139.6794033050537,kԓ
2012/03/19,19:46:44:781,20,36.39529645442963,139.69111382961273,kԓ
2012/03/19,19:47:44:781,12,36.403353810310364,139.70955669879913,328-0061328-0061
2012/03/19,19:48:44:781,9,36.41193687915802,139.71816658973694,kԓ
2012/03/19,19:49:44:781,23,36.422064900398254,139.71964180469513,k֓ԓ
2012/03/19,19:50:44:781,24,36.43096446990967,139.7335946559906,k֓ԓ
2012/03/19,19:51:44:781,16,36.43886625766754,139.75259006023407,328-0111328-0111
2012/03/19,19:52:44:781,20,36.441285610198975,139.76842045783997,k֓ԓ
2012/03/19,19:53:44:781,14,36.44594728946686,139.787700176239,k֓ԓ
2012/03/19,19:54:44:781,16,36.45167648792267,139.8018515110016,321-0233321-0233
2012/03/19,19:55:44:781,19,36.457512974739075,139.82174813747406,k֓ԓ
2012/03/19,19:56:44:781,18,36.459487080574036,139.84231531620026,k֓ԓ
2012/03/19,19:57:44:781,14,36.46256625652313,139.85884845256805,321-0126321-0126
2012/03/19,19:58:44:781,13,36.464776396751404,139.87727522850037,321-0126321-0126
2012/03/19,19:59:44:781,15,36.47062361240387,139.89209711551666,321-0126321-0126
2012/03/19,20:00:44:781,20,36.48366987705231,139.90450501441956,321-0123321-0123
2012/03/19,20:01:44:781,16,36.48581564426422,139.920254945755,329-0607329-0607
2012/03/19,20:02:44:781,15,36.473016142845154,139.93739426136017,k֓ԓ
2012/03/19,20:03:44:781,14,36.461477279663086,139.95316565036774,k֓ԓ
2012/03/19,20:04:44:781,14,36.450995206832886,139.9655520915985,321-4363321-4363
2012/03/19,20:05:44:781,21,36.434022188186646,139.97161388397217,k֓ԓ
2012/03/19,20:06:44:781,14,36.42109930515289,139.98547554016113,k֓ԓ
2012/03/19,20:07:44:781,17,36.41350865364075,140.00081777572632,k֓ԓ
2012/03/19,20:08:44:781,15,36.39669120311737,140.01083850860596,k֓ԓ
2012/03/19,20:09:44:781,17,36.38492166996002,140.026153922081,k֓ԓ
2012/03/19,20:10:44:781,20,36.37989521026611,140.03261804580688,k֓ԓ
2012/03/19,20:11:44:781,12,36.36624813079834,140.05849063396454,k֓ԓ
2012/03/19,20:12:44:781,27,36.362144351005554,140.0770354270935,k֓ԓ
2012/03/19,20:13:44:781,15,36.35420501232147,140.09470582008362,309-1217309-1217
2012/03/19,20:14:44:781,18,36.34856164455414,140.10766088962555,
2012/03/19,20:15:44:781,13,36.34295046329498,140.12340545654297,
2012/03/19,20:16:44:781,14,36.346372961997986,140.15401482582092,k֓ԓ
2012/03/19,20:17:44:781,27,36.34674310684204,140.17149209976196,309-1634309-1634
2012/03/19,20:18:44:781,20,36.342655420303345,140.19387245178223,k֓ԓ
2012/03/19,20:19:44:781,18,36.34329378604889,140.21192371845245,k֓ԓ
2012/03/19,20:20:44:781,25,36.3398551940918,140.22951900959015,k֓ԓ
2012/03/19,20:21:44:781,25,36.34407162666321,140.2526557445526,
2012/03/19,20:22:44:781,24,36.34027361869812,140.2707016468048,309-1722309-1722
2012/03/19,20:23:44:781,17,36.33059084415436,140.29104888439178,309-1725309-1725
2012/03/19,20:24:44:781,14,36.31956160068512,140.30750691890717,k֓ԓ
2012/03/19,20:25:44:781,21,36.31689012050629,140.32581567764282,k֓ԓ
2012/03/19,20:26:44:781,21,36.320189237594604,140.34516513347626,k֓ԓ
2012/03/19,20:27:44:781,28,36.32731854915619,140.35162925720215,֎ԓ
2012/03/19,20:28:44:781,17,36.33944749832153,140.36317884922028,319-0323319-0323
2012/03/19,20:29:44:781,26,36.355106234550476,140.3715419769287,319-0323319-0323
2012/03/19,20:30:44:781,19,36.36905372142792,140.38253366947174,֎ԓ
2012/03/19,20:31:44:781,24,36.38177812099457,140.38625121116638,֎ԓ
2012/03/19,20:32:44:781,17,36.40164256095886,140.3923773765564,֎ԓ
2012/03/19,20:33:44:781,25,36.411319971084595,140.40856182575226,錧ˎsc쒬POST
