exchange_rate:100
2012/03/18,12:45:07:250,16,37.082982659339905,140.8685177564621,ïüìáåßÇ¢ÇÌÇ´ésïΩê‘à‰ì˙ìnÇPÇRÇW¸¸ÇS
2012/03/18,12:46:07:250,19,37.08233892917633,140.86739659309387,ïüìáåßÇ¢ÇÌÇ´ésïΩê‘à‰ì˙ìnÇPÇQÇS
2012/03/18,12:47:07:250,24,37.08305239677429,140.86482167243958,ïüìáåßÇ¢ÇÌÇ´ésïΩê‘à‰ìcíÜÇSÇP
2012/03/18,12:48:07:250,20,37.080976366996765,140.8565604686737,ïüìáåßÇ¢ÇÌÇ´ésïΩê‘à‰í|Émâ‘ÇPÇP
2012/03/18,12:49:07:250,26,37.07744121551514,140.8550477027893,ïüìáåßÇ¢ÇÌÇ´ésçDä‘çHã∆ícínÇPÇX
2012/03/18,12:50:07:250,22,37.07760214805603,140.8451932668686,ïüìáåßÇ¢ÇÌÇ´ésçDä‘çHã∆ícínÇR¸¸ÇPÇU
2012/03/18,12:51:07:250,23,37.071744203567505,140.84105730056763,Åß970-1145Åß970-1145
2012/03/18,12:52:07:250,17,37.06879913806915,140.83948016166687,Åß970-1145Åß970-1145
2012/03/18,12:53:07:250,17,37.06071496009827,140.83214700222015,èÌî÷é©ìÆé‘ìπ
2012/03/18,12:54:07:250,21,37.05191731452942,140.8235800266266,
2012/03/18,12:55:07:250,23,37.039048075675964,140.8188432455063,î÷âzé©ìÆé‘ìπ
2012/03/18,12:56:07:250,29,37.0426744222641,140.81011533737183,
2012/03/18,12:57:07:250,18,37.05656290054321,140.80033600330353,î÷âzé©ìÆé‘ìπ
2012/03/18,12:58:07:250,19,37.06644415855408,140.793576836586,î÷âzé©ìÆé‘ìπ
2012/03/18,12:59:07:250,27,37.08030045032501,140.78939259052277,î÷âzé©ìÆé‘ìπ
2012/03/18,13:00:07:250,25,37.09335744380951,140.78448951244354,î÷âzé©ìÆé‘ìπ
2012/03/18,13:01:07:250,20,37.10365176200867,140.76849281787872,Åß970-1264Åß970-1264
2012/03/18,13:02:07:250,22,37.11130678653717,140.75489938259125,î÷âzé©ìÆé‘ìπ
2012/03/18,13:03:07:250,10,37.117422223091125,140.7513803243637,î÷âzé©ìÆé‘ìπ
2012/03/18,13:04:07:250,22,37.14247941970825,140.7473248243332,î÷âzé©ìÆé‘ìπ
2012/03/18,13:05:07:250,25,37.1522319316864,140.73747038841248,î÷âzé©ìÆé‘ìπ
2012/03/18,13:06:07:250,23,37.16504752635956,140.72766423225403,î÷âzé©ìÆé‘ìπ
2012/03/18,13:07:07:250,14,37.178367376327515,140.71826577186584,î÷âzé©ìÆé‘ìπ
2012/03/18,13:08:07:250,27,37.18850076198578,140.70845425128937,î÷âzé©ìÆé‘ìπ
2012/03/18,13:09:07:250,33,37.20316708087921,140.6955099105835,î÷âzé©ìÆé‘ìπ
2012/03/18,13:10:07:250,34,37.21826791763306,140.69072484970093,î÷âzé©ìÆé‘ìπ
2012/03/18,13:11:07:250,28,37.22938299179077,140.68269968032837,î÷âzé©ìÆé‘ìπ
2012/03/18,13:12:07:250,22,37.24220395088196,140.67349433898926,î÷âzé©ìÆé‘ìπ
2012/03/18,13:13:07:250,27,37.251237630844116,140.65897285938263,î÷âzé©ìÆé‘ìπ
2012/03/18,13:14:07:250,22,37.260974049568176,140.64781486988068,î÷âzé©ìÆé‘ìπ
2012/03/18,13:15:07:250,23,37.27031886577606,140.6319361925125,î÷âzé©ìÆé‘ìπ
2012/03/18,13:16:07:250,11,37.281653881073,140.61722695827484,î÷âzé©ìÆé‘ìπ
2012/03/18,13:17:07:250,23,37.29380428791046,140.61333239078522,Åß963-3406Åß963-3406
2012/03/18,13:18:07:250,20,37.30826675891876,140.61071455478668,î÷âzé©ìÆé‘ìπ
2012/03/18,13:19:07:250,23,37.32103943824768,140.61563909053802,
2012/03/18,13:20:07:250,26,37.333903312683105,140.61483442783356,î÷âzé©ìÆé‘ìπ
2012/03/18,13:21:07:250,29,37.34430491924286,140.60850977897644,î÷âzé©ìÆé‘ìπ
2012/03/18,13:22:07:250,17,37.36123502254486,140.60799479484558,î÷âzé©ìÆé‘ìπ
2012/03/18,13:23:07:250,25,37.37545609474182,140.59957802295685,î÷âzé©ìÆé‘ìπ
2012/03/18,13:24:07:250,38,37.38803565502167,140.59480369091034,î÷âzé©ìÆé‘ìπ
2012/03/18,13:25:07:250,30,37.39750385284424,140.5781900882721,î÷âzé©ìÆé‘ìπ
2012/03/18,13:26:07:250,31,37.41044819355011,140.5651706457138,î÷âzé©ìÆé‘ìπ
2012/03/18,13:27:07:250,26,37.424304485321045,140.55464565753937,î÷âzé©ìÆé‘ìπ
2012/03/18,13:28:07:250,22,37.43188977241516,140.54106831550598,î÷âzé©ìÆé‘ìπ
2012/03/18,13:29:07:250,20,37.437785267829895,140.52575826644897,
2012/03/18,13:30:07:250,21,37.43422329425812,140.5064731836319,î÷âzé©ìÆé‘ìπ
2012/03/18,13:31:07:250,32,37.42888033390045,140.48863649368286,î÷âzé©ìÆé‘ìπ
2012/03/18,13:32:07:250,34,37.434282302856445,140.47228574752808,î÷âzé©ìÆé‘ìπ
2012/03/18,13:33:07:250,36,37.436572909355164,140.455521941185,î÷âzé©ìÆé‘ìπ
2012/03/18,13:34:07:250,38,37.44258105754852,140.44038355350494,î÷âzé©ìÆé‘ìπ
2012/03/18,13:35:07:250,53,37.4428653717041,140.42287409305573,î÷âzé©ìÆé‘ìπ
2012/03/18,13:36:07:250,60,37.44961380958557,140.4118126630783,î÷âzé©ìÆé‘ìπ
2012/03/18,13:37:07:250,57,37.456764578819275,140.3947752714157,î÷âzé©ìÆé‘ìπ
2012/03/18,13:38:07:250,70,37.45956480503082,140.37857472896576,î÷âzé©ìÆé‘ìπ
2012/03/18,13:39:07:250,54,37.46260106563568,140.36200940608978,î÷âzé©ìÆé‘ìπ
2012/03/18,13:40:07:250,38,37.464483976364136,140.35296499729156,ìåñké©ìÆé‘ìπ
2012/03/18,13:41:07:250,46,37.46594309806824,140.36263167858124,î÷âzé©ìÆé‘ìπ
2012/03/18,13:42:07:250,78,37.4559223651886,140.3556740283966,ìåñké©ìÆé‘ìπ
2012/03/18,13:43:07:250,58,37.44613766670227,140.3522890806198,ìåñké©ìÆé‘ìπ
2012/03/18,13:44:07:250,46,37.435044050216675,140.34500420093536,ìåñké©ìÆé‘ìπ
2012/03/18,13:45:07:250,54,37.42467999458313,140.33453285694122,ìåñké©ìÆé‘ìπ
2012/03/18,13:46:07:250,41,37.412808537483215,140.32735526561737,ìåñké©ìÆé‘ìπ
2012/03/18,13:47:07:250,52,37.40620493888855,140.3160685300827,ìåñké©ìÆé‘ìπ
2012/03/18,13:48:07:250,60,37.39399552345276,140.31062364578247,ìåñké©ìÆé‘ìπ
2012/03/18,13:49:07:250,46,37.380611300468445,140.31285524368286,Åß963-0201Åß963-0201
2012/03/18,13:50:07:250,45,37.36871302127838,140.31103134155273,ìåñké©ìÆé‘ìπ
2012/03/18,13:51:07:250,42,37.355103492736816,140.32037615776062,Åß963-0121Åß963-0121
2012/03/18,13:52:07:250,47,37.34305500984192,140.3333204984665,ìåñké©ìÆé‘ìπ
2012/03/18,13:53:07:250,41,37.32611417770386,140.3391569852829,Åß962-0402Åß962-0402
2012/03/18,13:54:07:250,41,37.3123437166214,140.34407079219818,ìåñké©ìÆé‘ìπ
2012/03/18,13:55:07:250,32,37.29751646518707,140.35159170627594,ìåñké©ìÆé‘ìπ
2012/03/18,13:56:07:250,26,37.280232310295105,140.35060465335846,ìåñké©ìÆé‘ìπ
2012/03/18,13:57:07:250,31,37.26732552051544,140.34860372543335,ìåñké©ìÆé‘ìπ
2012/03/18,13:58:07:250,32,37.256789803504944,140.3368717432022,Åß969-0403Åß969-0403
2012/03/18,13:59:07:250,21,37.243013978004456,140.3296673297882,Åß969-0403Åß969-0403
2012/03/18,14:00:07:250,32,37.23221004009247,140.32580494880676,Åß969-0403Åß969-0403
2012/03/18,14:01:07:250,22,37.22076237201691,140.31314492225647,ìåñké©ìÆé‘ìπ
2012/03/18,14:02:07:250,31,37.20739424228668,140.30778050422668,Åß969-0287Åß969-0287
2012/03/18,14:03:07:250,32,37.197845578193665,140.29970705509186,Åß969-0304Åß969-0304
2012/03/18,14:04:07:250,30,37.18406438827515,140.2881360054016,Åß969-0105Åß969-0105
2012/03/18,14:05:07:250,40,37.174370884895325,140.27175843715668,Åß969-0105Åß969-0105
2012/03/18,14:06:07:250,32,37.160616517066956,140.26242434978485,Åß961-0001Åß961-0001
2012/03/18,14:07:07:250,39,37.15547740459442,140.24872362613678,Åß961-0003Åß961-0003
2012/03/18,14:08:07:250,46,37.14576244354248,140.2388745546341,ìåñké©ìÆé‘ìπ
2012/03/18,14:09:07:250,42,37.14656710624695,140.22148311138153,ìåñké©ìÆé‘ìπ
2012/03/18,14:10:07:250,49,37.14677631855011,140.20257890224457,ìåñké©ìÆé‘ìπ
2012/03/18,14:11:07:250,40,37.13548421859741,140.18805742263794,ìåñké©ìÆé‘ìπ
2012/03/18,14:12:07:250,48,37.12407410144806,140.17604112625122,Åß961-8061Åß961-8061
2012/03/18,14:13:07:250,53,37.11727738380432,140.16497433185577,Åß961-8061Åß961-8061
2012/03/18,14:14:07:250,54,37.11161255836487,140.1504099369049,Åß961-8061Åß961-8061
2012/03/18,14:15:07:250,36,37.09881842136383,140.1392948627472,Åß329-3224Åß329-3224
2012/03/18,14:16:07:250,40,37.086968421936035,140.1300948858261,Åß329-3224Åß329-3224
2012/03/18,14:17:07:250,26,37.07334280014038,140.11702179908752,ìåñké©ìÆé‘ìπ
2012/03/18,14:18:07:250,24,37.058735489845276,140.10385751724243,Åß329-3225Åß329-3225
2012/03/18,14:19:07:250,28,37.04935312271118,140.08576333522797,Åß329-3225Åß329-3225
2012/03/18,14:20:07:250,49,37.03914999961853,140.07778644561768,ìåñké©ìÆé‘ìπ
2012/03/18,14:21:07:250,31,37.02587842941284,140.06609201431274,ìåñké©ìÆé‘ìπ
2012/03/18,14:22:07:250,41,37.01499402523041,140.04912972450256,ìåñké©ìÆé‘ìπ
2012/03/18,14:23:07:250,52,37.00469970703125,140.03922164440155,ìåñké©ìÆé‘ìπ
2012/03/18,14:24:07:250,45,36.99590742588043,140.0222110748291,ìåñké©ìÆé‘ìπ
2012/03/18,14:25:07:250,30,36.98280215263367,140.00716388225555,ìåñké©ìÆé‘ìπ
2012/03/18,14:26:07:250,28,36.96590960025787,139.9968320131302,ìåñké©ìÆé‘ìπ
2012/03/18,14:27:07:250,29,36.953131556510925,139.98254120349884,ìåñké©ìÆé‘ìπ
2012/03/18,14:28:07:250,41,36.94335222244263,139.9704658985138,Åß329-2806Åß329-2806
2012/03/18,14:29:07:250,53,36.926926374435425,139.9599838256836,ìåñké©ìÆé‘ìπ
2012/03/18,14:30:07:250,48,36.91608488559723,139.94357407093048,ìåñké©ìÆé‘ìπ
2012/03/18,14:31:07:250,26,36.90728187561035,139.932501912117,ìåñké©ìÆé‘ìπ
2012/03/18,14:32:07:250,23,36.892486810684204,139.9283927679062,ìåñké©ìÆé‘ìπ
2012/03/18,14:33:07:250,34,36.877702474594116,139.92199838161469,ìåñké©ìÆé‘ìπ
2012/03/18,14:34:07:250,38,36.86660349369049,139.91258919239044,ìåñké©ìÆé‘ìπ
2012/03/18,14:35:07:250,25,36.85416877269745,139.9131739139557,ìåñké©ìÆé‘ìπ
2012/03/18,14:36:07:250,29,36.839813590049744,139.90780413150787,ìåñké©ìÆé‘ìπ
2012/03/18,14:37:07:250,49,36.82493269443512,139.9062430858612,Åß329-2514Åß329-2514
2012/03/18,14:38:07:250,31,36.809579730033875,139.90874826908112,Åß329-2151Åß329-2151
2012/03/18,14:39:07:250,29,36.79549813270569,139.9156415462494,ìåñké©ìÆé‘ìπ
2012/03/18,14:40:07:250,30,36.78017735481262,139.92417097091675,ìåñké©ìÆé‘ìπ
2012/03/18,14:41:07:250,23,36.763628125190735,139.93418097496033,Åß329-1575Åß329-1575
2012/03/18,14:42:07:250,29,36.74907445907593,139.93185818195343,ìåñké©ìÆé‘ìπ
2012/03/18,14:43:07:250,18,36.7343544960022,139.93097305297852,ìåñké©ìÆé‘ìπ
2012/03/18,14:44:07:250,17,36.72275125980377,139.9223953485489,Åß321-0401Åß321-0401
2012/03/18,14:45:07:250,23,36.71479046344757,139.9131953716278,Åß321-0401Åß321-0401
2012/03/18,14:46:07:250,14,36.70700132846832,139.90426361560822,Åß321-0401Åß321-0401
2012/03/18,14:47:07:250,14,36.699475049972534,139.89654958248138,Åß321-0402Åß321-0402
2012/03/18,14:48:07:250,15,36.689459681510925,139.89033222198486,Åß321-0411Åß321-0411
2012/03/18,14:49:07:250,16,36.67609691619873,139.87825691699982,ìåñké©ìÆé‘ìπ
2012/03/18,14:50:07:250,26,36.66653752326965,139.86863315105438,ìåñké©ìÆé‘ìπ
2012/03/18,14:51:07:250,9,36.65718197822571,139.8641002178192,ìåñké©ìÆé‘ìπ
2012/03/18,14:52:07:250,17,36.64609372615814,139.85499680042267,Åß321-2112Åß321-2112
2012/03/18,14:53:07:250,23,36.634501218795776,139.84779238700867,Åß321-2115Åß321-2115
2012/03/18,14:54:07:250,22,36.623305678367615,139.84289467334747,ìåñké©ìÆé‘ìπ
2012/03/18,14:55:07:250,18,36.608344316482544,139.8442840576172,ìåñké©ìÆé‘ìπ
2012/03/18,14:56:07:250,16,36.59351170063019,139.84146237373352,Åß320-0065Åß320-0065
2012/03/18,14:57:07:250,21,36.580325961112976,139.83238577842712,Åß320-0065Åß320-0065
2012/03/18,14:58:07:250,17,36.569876074790955,139.82089519500732,ìåñké©ìÆé‘ìπ
2012/03/18,14:59:07:250,22,36.55672788619995,139.8137927055359,ìåñké©ìÆé‘ìπ
2012/03/18,15:00:07:250,11,36.54908359050751,139.8039811849594,Åß322-0011Åß322-0011
2012/03/18,15:01:07:250,22,36.535629630088806,139.79730248451233,ìåñké©ìÆé‘ìπ
2012/03/18,15:02:07:250,17,36.52701437473297,139.78634297847748,ìåñké©ìÆé‘ìπ
2012/03/18,15:03:07:250,21,36.51687026023865,139.7741711139679,ìåñké©ìÆé‘ìπ
2012/03/18,15:04:07:250,21,36.504950523376465,139.7670203447342,Åß322-0532Åß322-0532
2012/03/18,15:05:07:250,16,36.49775683879852,139.7565221786499,Åß322-0536Åß322-0536
2012/03/18,15:06:07:250,18,36.49327218532562,139.74173247814178,ìåñké©ìÆé‘ìπ
2012/03/18,15:07:07:250,24,36.480494141578674,139.73299384117126,ìåñké©ìÆé‘ìπ
2012/03/18,15:08:07:250,21,36.4703768491745,139.7275060415268,ìåñké©ìÆé‘ìπ
2012/03/18,15:09:07:250,15,36.45995378494263,139.72782790660858,Åß322-0604Åß322-0604
2012/03/18,15:10:07:250,14,36.45417094230652,139.72441613674164,Åß328-0102Åß328-0102
2012/03/18,15:11:07:250,18,36.45418167114258,139.7244268655777,Åß328-0102Åß328-0102
2012/03/18,15:12:07:250,19,36.453532576560974,139.72362756729126,Åß328-0102Åß328-0102
2012/03/18,15:13:07:250,19,36.44291639328003,139.71631050109863,ìåñké©ìÆé‘ìπ
2012/03/18,15:14:07:250,18,36.43087863922119,139.7164660692215,ìåñké©ìÆé‘ìπ
2012/03/18,15:15:07:250,23,36.41838490962982,139.7204840183258,ìåñké©ìÆé‘ìπ
2012/03/18,15:16:07:250,19,36.40902400016785,139.71628367900848,ìåñké©ìÆé‘ìπ
2012/03/18,15:17:07:250,15,36.401572823524475,139.70700860023499,Åß328-0061Åß328-0061
2012/03/18,15:18:07:250,16,36.39803767204285,139.69763159751892,ìåñké©ìÆé‘ìπ
2012/03/18,15:19:07:250,17,36.39113903045654,139.68605518341064,ìåñké©ìÆé‘ìπ
2012/03/18,15:20:07:250,25,36.38640224933624,139.67181265354156,ìåñké©ìÆé‘ìπ
2012/03/18,15:21:07:250,14,36.37652635574341,139.6623283624649,ìåñké©ìÆé‘ìπ
2012/03/18,15:22:07:250,16,36.37141406536102,139.65144395828247,ìåñké©ìÆé‘ìπ
2012/03/18,15:23:07:250,12,36.37215435504913,139.63591396808624,Åß329-4314Åß329-4314
2012/03/18,15:24:07:250,18,36.36224091053009,139.62706804275513,Åß329-4314Åß329-4314
2012/03/18,15:25:07:250,24,36.34843289852142,139.62426781654358,Åß329-4314Åß329-4314
2012/03/18,15:26:07:250,23,36.33699595928192,139.62186992168427,ìåñké©ìÆé‘ìπ
2012/03/18,15:27:07:250,14,36.32579505443573,139.61370527744293,Åß327-0811Åß327-0811
2012/03/18,15:28:07:250,14,36.32034480571747,139.618581533432,Åß327-0813Åß327-0813
2012/03/18,15:29:07:250,21,36.319432854652405,139.62096333503723,Åß327-0813Åß327-0813
2012/03/18,15:30:07:250,21,36.31812393665314,139.61954176425934,Åß327-0813Åß327-0813
2012/03/18,15:31:07:250,22,36.318150758743286,139.6186727285385,Åß327-0813Åß327-0813
2012/03/18,15:32:07:250,15,36.318156123161316,139.61872100830078,Åß327-0813Åß327-0813
2012/03/18,15:33:07:250,12,36.318150758743286,139.6187263727188,Åß327-0813Åß327-0813
2012/03/18,15:34:07:250,18,36.318150758743286,139.61872100830078,Åß327-0813Åß327-0813
2012/03/18,15:35:07:250,16,36.318150758743286,139.61871564388275,Åß327-0813Åß327-0813
2012/03/18,15:36:07:250,24,36.318150758743286,139.6187049150467,Åß327-0813Åß327-0813
2012/03/18,15:37:07:250,13,36.318156123161316,139.6187049150467,Åß327-0813Åß327-0813
2012/03/18,15:38:07:250,18,36.318156123161316,139.61869418621063,Åß327-0813Åß327-0813
2012/03/18,15:39:07:250,20,36.318156123161316,139.6186888217926,Åß327-0813Åß327-0813
2012/03/18,15:40:07:250,14,36.318156123161316,139.61867809295654,Åß327-0813Åß327-0813
2012/03/18,15:41:07:250,17,36.318156123161316,139.61867809295654,Åß327-0813Åß327-0813
2012/03/18,15:42:07:250,18,36.319400668144226,139.6210116147995,Åß327-0813Åß327-0813
2012/03/18,15:43:07:250,13,36.31412744522095,139.62138175964355,ìåñké©ìÆé‘ìπ
2012/03/18,15:44:07:250,11,36.310463547706604,139.6204912662506,ìåñké©ìÆé‘ìπ
2012/03/18,15:45:07:250,18,36.30475580692291,139.61799681186676,ìåñké©ìÆé‘ìπ
2012/03/18,15:46:07:250,22,36.29937529563904,139.61831331253052,ìåñké©ìÆé‘ìπ
2012/03/18,15:47:07:250,15,36.29679501056671,139.61880147457123,ìåñké©ìÆé‘ìπ
2012/03/18,15:48:07:250,19,36.291189193725586,139.61893558502197,ìåñké©ìÆé‘ìπ
2012/03/18,15:49:07:250,17,36.28840506076813,139.61821138858795,ìåñké©ìÆé‘ìπ
2012/03/18,15:50:07:250,18,36.28465533256531,139.6164572238922,ìåñké©ìÆé‘ìπ
2012/03/18,15:51:07:250,16,36.27879202365875,139.6105134487152,ìåñké©ìÆé‘ìπ
2012/03/18,15:52:07:250,16,36.27569139003754,139.60584104061127,ìåñké©ìÆé‘ìπ
2012/03/18,15:53:07:250,12,36.27215087413788,139.60290133953094,ìåñké©ìÆé‘ìπ
2012/03/18,15:54:07:250,20,36.268025636672974,139.60120618343353,ìåñké©ìÆé‘ìπ
2012/03/18,15:55:07:250,16,36.26110017299652,139.60005283355713,ìåñké©ìÆé‘ìπ
2012/03/18,15:56:07:250,27,36.25516712665558,139.59623336791992,ìåñké©ìÆé‘ìπ
2012/03/18,15:57:07:250,15,36.25112235546112,139.5891308784485,ìåñké©ìÆé‘ìπ
2012/03/18,15:58:07:250,26,36.24705612659454,139.58165287971497,ìåñké©ìÆé‘ìπ
2012/03/18,15:59:07:250,16,36.241809725761414,139.57732379436493,ìåñké©ìÆé‘ìπ
2012/03/18,16:00:07:250,28,36.236059069633484,139.57516729831696,ìåñké©ìÆé‘ìπ
2012/03/18,16:01:07:250,9,36.23309254646301,139.57438945770264,ìåñké©ìÆé‘ìπ
2012/03/18,16:02:07:250,22,36.228318214416504,139.5723992586136,Åß374-0013Åß374-0013
2012/03/18,16:03:07:250,14,36.227792501449585,139.57499027252197,Åß374-0012Åß374-0012
2012/03/18,16:04:07:250,20,36.22619926929474,139.58306908607483,Åß374-0133Åß374-0133
2012/03/18,16:05:07:250,19,36.2243378162384,139.58970487117767,Åß374-0134Åß374-0134
2012/03/18,16:06:07:250,14,36.22317373752594,139.59996163845062,Åß374-0134Åß374-0134
